Carro: <__main__.Carro object at 0x035AA430> passeio nº 1
Carro: <__main__.Carro object at 0x035AA430> espera estar vazio para liberar o embarque!
Carro: <__main__.Carro object at 0x035AA430> embarque do carro está liberado!
Carro: <__main__.Carro object at 0x035AA430> espera estar cheio para iniciar passeio!
Carro: <__main__.Carro object at 0x035AA430> espera terminar o passaio para liberar desembarque!
Carro: <__main__.Carro object at 0x035AA430> passeio iniciado!
Carro: <__main__.Carro object at 0x035AA430> vai andar por 4 segundos.
Carro: <__main__.Carro object at 0x035AA430> passeio terminado!
Carro: <__main__.Carro object at 0x035AA430> desembarque do carro está liberado!
Carro: <__main__.Carro object at 0x035AA430> passeio nº 2
Carro: <__main__.Carro object at 0x035AA430> espera estar vazio para liberar o embarque!
Carro: <__main__.Carro object at 0x035AA430> embarque do carro está liberado!
Carro: <__main__.Carro object at 0x035AA430> espera estar cheio para iniciar passeio!
Carro: <__main__.Carro object at 0x035AA430> espera terminar o passaio para liberar desembarque!
Carro: <__main__.Carro object at 0x035AA430> passeio iniciado!
Carro: <__main__.Carro object at 0x035AA430> vai andar por 3 segundos.
Carro: <__main__.Carro object at 0x035AA430> passeio terminado!
Carro: <__main__.Carro object at 0x035AA430> desembarque do carro está liberado!
Carro: <__main__.Carro object at 0x035AA430> passeio nº 3
Carro: <__main__.Carro object at 0x035AA430> espera estar vazio para liberar o embarque!
Carro: <__main__.Carro object at 0x035AA430> embarque do carro está liberado!
Carro: <__main__.Carro object at 0x035AA430> espera estar cheio para iniciar passeio!
Carro: <__main__.Carro object at 0x035AA430> espera terminar o passaio para liberar desembarque!
Carro: <__main__.Carro object at 0x035AA430> passeio iniciado!
Carro: <__main__.Carro object at 0x035AA430> vai andar por 4 segundos.
Carro: <__main__.Carro object at 0x035AA430> passeio terminado!
Carro: <__main__.Carro object at 0x035AA430> desembarque do carro está liberado!
Carro: <__main__.Carro object at 0x035AA430> passeio nº 4
Carro: <__main__.Carro object at 0x035AA430> espera estar vazio para liberar o embarque!
Carro: <__main__.Carro object at 0x035AA430> embarque do carro está liberado!
Carro: <__main__.Carro object at 0x035AA430> espera estar cheio para iniciar passeio!
Carro: <__main__.Carro object at 0x035AA430> espera terminar o passaio para liberar desembarque!
Carro: <__main__.Carro object at 0x035AA430> passeio iniciado!
Carro: <__main__.Carro object at 0x035AA430> vai andar por 3 segundos.
Carro: <__main__.Carro object at 0x035AA430> passeio terminado!
Carro: <__main__.Carro object at 0x035AA430> desembarque do carro está liberado!
