Carro: <__main__.Carro object at 0x03725550> passeio nº 1
Carro: <__main__.Carro object at 0x03725550> espera estar cheio para iniciar passeio!
Carro: <__main__.Carro object at 0x03725550> embarque do carro está liberado!
Carro: <__main__.Carro object at 0x03725550> espera terminar o passaio para liberar desembarque!
Carro: <__main__.Carro object at 0x03725550> passeio iniciado!
Carro: <__main__.Carro object at 0x03725550> vai andar por 4 segundos.
Carro: <__main__.Carro object at 0x03725550> passeio terminado!
Carro: <__main__.Carro object at 0x03725550> espera estar vazio para liberar embarque!
Carro: <__main__.Carro object at 0x03725550> desembarque do carro está liberado!
Carro: <__main__.Carro object at 0x03725550> passeio nº 2
Carro: <__main__.Carro object at 0x03725550> espera estar cheio para iniciar passeio!
Carro: <__main__.Carro object at 0x03725550> embarque do carro está liberado!
Carro: <__main__.Carro object at 0x03725550> espera terminar o passaio para liberar desembarque!
Carro: <__main__.Carro object at 0x03725550> passeio iniciado!
Carro: <__main__.Carro object at 0x03725550> vai andar por 3 segundos.
Carro: <__main__.Carro object at 0x03725550> passeio terminado!
Carro: <__main__.Carro object at 0x03725550> espera estar vazio para liberar embarque!
Carro: <__main__.Carro object at 0x03725550> desembarque do carro está liberado!
Carro: <__main__.Carro object at 0x03725550> passeio nº 3
Carro: <__main__.Carro object at 0x03725550> espera estar cheio para iniciar passeio!
Carro: <__main__.Carro object at 0x03725550> embarque do carro está liberado!
Carro: <__main__.Carro object at 0x03725550> espera terminar o passaio para liberar desembarque!
Carro: <__main__.Carro object at 0x03725550> passeio iniciado!
Carro: <__main__.Carro object at 0x03725550> vai andar por 1 segundos.
Carro: <__main__.Carro object at 0x03725550> passeio terminado!
Carro: <__main__.Carro object at 0x03725550> espera estar vazio para liberar embarque!
Carro: <__main__.Carro object at 0x03725550> desembarque do carro está liberado!
