Banheiro: é unissex agora!
Pessoa: 1 (M) vai trabalhar por 13 segundos.
Pessoa: 2 (F) vai trabalhar por 17 segundos.
Pessoa: 3 (M) vai trabalhar por 12 segundos.
Pessoa: 4 (F) vai trabalhar por 16 segundos.
Pessoa: 5 (M) vai trabalhar por 11 segundos.
Pessoa: 6 (F) vai trabalhar por 19 segundos.
Pessoa: 7 (M) vai trabalhar por 16 segundos.
Pessoa: 8 (F) vai trabalhar por 11 segundos.
Pessoa: 9 (M) vai trabalhar por 15 segundos.
Pessoa: 10 (F) vai trabalhar por 10 segundos.
Pessoa: 10 (F) pergunta: o banheiro é feminino?
Banheiro: é feminino agora!
Pessoa: 10 (F) pergunta: é minha vez?
Pessoa: 10 (F) entrou no banheiro!
Banheiro: tem 1 pessoa(s) no banheiro
Pessoa: 10 (F) vai ficar no banheiro por 3 segundos.
Pessoa: 5 (M) pergunta: o banheiro é masculino?
Pessoa: 8 (F) pergunta: o banheiro é feminino?
Banheiro: é feminino agora!
Pessoa: 8 (F) pergunta: é minha vez?
Pessoa: 8 (F) entrou no banheiro!
Banheiro: tem 2 pessoa(s) no banheiro
Pessoa: 8 (F) vai ficar no banheiro por 1 segundos.
Pessoa: 3 (M) pergunta: o banheiro é masculino?
Pessoa: 8 (F) saiu do banheiro
Banheiro: tem 1 pessoa(s) no banheiro
Pessoa: 8 (F) vai trabalhar por 12 segundos.
Pessoa: 1 (M) pergunta: o banheiro é masculino?
Pessoa: 10 (F) saiu do banheiro
Banheiro: tem 0 pessoa(s) no banheiro
Banheiro: é unissex agora!
Banheiro: é masculino agora!
Banheiro: é masculino agora!
Pessoa: 10 (F) vai trabalhar por 12 segundos.
Pessoa: 5 (M) pergunta: é minha vez?
Pessoa: 3 (M) pergunta: é minha vez?
Banheiro: é masculino agora!
Pessoa: 5 (M) entrou no banheiro!
Pessoa: 3 (M) entrou no banheiro!
Pessoa: 1 (M) pergunta: é minha vez?
Banheiro: tem 1 pessoa(s) no banheiro
Banheiro: tem 2 pessoa(s) no banheiro
Pessoa: 1 (M) entrou no banheiro!
Pessoa: 5 (M) vai ficar no banheiro por 4 segundos.
Pessoa: 3 (M) vai ficar no banheiro por 2 segundos.
Banheiro: tem 3 pessoa(s) no banheiro
Pessoa: 1 (M) vai ficar no banheiro por 1 segundos.
Pessoa: 1 (M) saiu do banheiro
Banheiro: tem 2 pessoa(s) no banheiro
Pessoa: 1 (M) vai trabalhar por 15 segundos.
Pessoa: 9 (M) pergunta: o banheiro é masculino?
Banheiro: é masculino agora!
Pessoa: 9 (M) pergunta: é minha vez?
Pessoa: 9 (M) entrou no banheiro!
Banheiro: tem 3 pessoa(s) no banheiro
Pessoa: 9 (M) vai ficar no banheiro por 5 segundos.
Pessoa: 3 (M) saiu do banheiro
Banheiro: tem 2 pessoa(s) no banheiro
Pessoa: 3 (M) vai trabalhar por 18 segundos.
Pessoa: 4 (F) pergunta: o banheiro é feminino?
Pessoa: 7 (M) pergunta: o banheiro é masculino?
Banheiro: é masculino agora!
Pessoa: 7 (M) pergunta: é minha vez?
Pessoa: 7 (M) entrou no banheiro!
Banheiro: tem 3 pessoa(s) no banheiro
Pessoa: 7 (M) vai ficar no banheiro por 2 segundos.
Pessoa: 2 (F) pergunta: o banheiro é feminino?
Pessoa: 5 (M) saiu do banheiro
Banheiro: tem 2 pessoa(s) no banheiro
Pessoa: 5 (M) vai trabalhar por 18 segundos.
Pessoa: 7 (M) saiu do banheiro
Banheiro: tem 1 pessoa(s) no banheiro
Pessoa: 7 (M) vai trabalhar por 16 segundos.
Pessoa: 6 (F) pergunta: o banheiro é feminino?
