Carro: <__main__.Carro object at 0x034F5510> passeio nº 1
Carro: <__main__.Carro object at 0x034F5510> espera estar cheio para iniciar passeio!
Carro: <__main__.Carro object at 0x034F5510> embarque do carro está liberado!
Carro: <__main__.Carro object at 0x034F5510> espera terminar o passaio para liberar desembarque!
Carro: <__main__.Carro object at 0x034F5510> passeio iniciado!
Carro: <__main__.Carro object at 0x034F5510> vai andar por 2 segundos.
Carro: <__main__.Carro object at 0x034F5510> passeio terminado!
Carro: <__main__.Carro object at 0x034F5510> espera estar vazio para liberar embarque!
Carro: <__main__.Carro object at 0x034F5510> desembarque do carro está liberado!
Carro: <__main__.Carro object at 0x034F5510> passeio nº 2
Carro: <__main__.Carro object at 0x034F5510> espera estar cheio para iniciar passeio!
Carro: <__main__.Carro object at 0x034F5510> embarque do carro está liberado!
Carro: <__main__.Carro object at 0x034F5510> espera terminar o passaio para liberar desembarque!
Carro: <__main__.Carro object at 0x034F5510> passeio iniciado!
Carro: <__main__.Carro object at 0x034F5510> vai andar por 4 segundos.
Carro: <__main__.Carro object at 0x034F5510> passeio terminado!
Carro: <__main__.Carro object at 0x034F5510> espera estar vazio para liberar embarque!
Carro: <__main__.Carro object at 0x034F5510> desembarque do carro está liberado!
Carro: <__main__.Carro object at 0x034F5510> passeio nº 3
Carro: <__main__.Carro object at 0x034F5510> espera estar cheio para iniciar passeio!
Carro: <__main__.Carro object at 0x034F5510> embarque do carro está liberado!
Carro: <__main__.Carro object at 0x034F5510> espera terminar o passaio para liberar desembarque!
Carro: <__main__.Carro object at 0x034F5510> passeio iniciado!
Carro: <__main__.Carro object at 0x034F5510> vai andar por 1 segundos.
Carro: <__main__.Carro object at 0x034F5510> passeio terminado!
Carro: <__main__.Carro object at 0x034F5510> espera estar vazio para liberar embarque!
Carro: <__main__.Carro object at 0x034F5510> desembarque do carro está liberado!
