Carro: 1 passeio nº 1
Carro: 1 espera estar cheio para iniciar passeio!
Carro: 1 embarque do carro está liberado!
Carro: 1 espera terminar o passaio para liberar desembarque!
Carro: 2 passeio nº 1
Carro: 1 passeio iniciado!
Carro: 2 espera estar cheio para iniciar passeio!
Carro: 1 vai andar por 5 segundos.
Carro: 2 embarque do carro está liberado!
Carro: 2 espera terminar o passaio para liberar desembarque!
Carro: 2 passeio iniciado!
Carro: 2 vai andar por 5 segundos.
Carro: 1 espera estar vazio para liberar embarque!
Carro: 1 passeio terminado!
Carro: 1 desembarque do carro está liberado!
Carro: 2 espera estar vazio para liberar embarque!
Carro: 1 desembarque do carro está vazio!
Carro: 2 passeio terminado!
Carro: 1 passeio nº 2
Carro: 1 espera estar cheio para iniciar passeio!
Carro: 1 embarque do carro está liberado!
Carro: 2 desembarque do carro está liberado!
Carro: 2 desembarque do carro está vazio!
Carro: 1 espera terminar o passaio para liberar desembarque!
Carro: 1 passeio iniciado!
Carro: 1 vai andar por 5 segundos.
Carro: 2 passeio nº 2
Carro: 2 espera estar cheio para iniciar passeio!
Carro: 2 embarque do carro está liberado!
Carro: 2 espera terminar o passaio para liberar desembarque!
Carro: 2 passeio iniciado!
Carro: 2 vai andar por 5 segundos.
Carro: 1 espera estar vazio para liberar embarque!
Carro: 1 passeio terminado!
Carro: 1 desembarque do carro está liberado!
Carro: 1 desembarque do carro está vazio!
Carro: 1 passeio nº 3
Carro: 1 espera estar cheio para iniciar passeio!
Carro: 1 embarque do carro está liberado!
Carro: 2 espera estar vazio para liberar embarque!
Carro: 2 passeio terminado!
Carro: 2 desembarque do carro está liberado!
Carro: 2 desembarque do carro está vazio!
Carro: 2 passeio nº 3
Carro: 1 espera terminar o passaio para liberar desembarque!
Carro: 2 espera estar cheio para iniciar passeio!
Carro: 2 embarque do carro está liberado!
Carro: 1 passeio iniciado!
Carro: 1 vai andar por 5 segundos.
Carro: 2 espera terminar o passaio para liberar desembarque!
Carro: 2 passeio iniciado!
Carro: 2 vai andar por 5 segundos.
Carro: 1 espera estar vazio para liberar embarque!
Carro: 1 passeio terminado!
Carro: 1 desembarque do carro está liberado!
Carro: 1 desembarque do carro está vazio!
Carro: 1 passeio nº 4
Carro: 1 espera estar cheio para iniciar passeio!
Carro: 1 embarque do carro está liberado!
Carro: 2 espera estar vazio para liberar embarque!
Carro: 2 passeio terminado!
Carro: 2 desembarque do carro está liberado!
Carro: 2 desembarque do carro está vazio!
Carro: 1 espera terminar o passaio para liberar desembarque!
Carro: 2 passeio nº 4
Carro: 2 espera estar cheio para iniciar passeio!
Carro: 2 embarque do carro está liberado!
Carro: 1 passeio iniciado!
Carro: 1 vai andar por 5 segundos.
Carro: 2 espera terminar o passaio para liberar desembarque!
Carro: 2 passeio iniciado!
Carro: 2 vai andar por 5 segundos.
Carro: 1 espera estar vazio para liberar embarque!
Carro: 1 passeio terminado!
Carro: 1 desembarque do carro está liberado!
Carro: 1 desembarque do carro está vazio!
Carro: 2 espera estar vazio para liberar embarque!
Carro: 2 passeio terminado!
Carro: 2 desembarque do carro está liberado!
Carro: 2 desembarque do carro está vazio!
