Carro: 1 passeio nº 1
Passageiro: 1 vai tentar entrar no carro 1
Carro: 1 espera estar cheio para iniciar passeio!
Passageiro: 2 vai tentar entrar no carro 1
Passageiro: 3 vai tentar entrar no carro 1
Carro: 1 embarque do carro está liberado!
Passageiro: 4 vai tentar entrar no carro 1
Passageiro: 5 vai tentar entrar no carro 1
Passageiro: 6 vai tentar entrar no carro 1
Passageiro: 1 vai tentar entrar no carro 1
Passageiro: 2 vai tentar entrar no carro 1
Passageiro: 7 vai tentar entrar no carro 1
Passageiro: 4 entrou no carro 1! 1
Passageiro: 8 vai tentar entrar no carro 1
Passageiro: 9 vai tentar entrar no carro 1
Passageiro: 10 vai tentar entrar no carro 1
Passageiro: 11 vai tentar entrar no carro 1
Passageiro: 12 vai tentar entrar no carro 1
Passageiro: 3 vai tentar entrar no carro 1
Passageiro: 5 entrou no carro 1! 2
Passageiro: 6 entrou no carro 1! 3
Passageiro: 1 entrou no carro 1! 4
Passageiro: 2 entrou no carro 1! 5
Passageiro: 7 entrou no carro 1! 6
Passageiro: 11 vai tentar entrar no carro 2
Passageiro: 10 vai tentar entrar no carro 2
Passageiro: 9 vai tentar entrar no carro 2
Carro: 1 espera terminar o passaio para liberar desembarque!
Passageiro: 12 vai tentar entrar no carro 2
Passageiro: 8 vai tentar entrar no carro 2
Carro: 2 passeio nº 1
Passageiro: 3 vai tentar entrar no carro 2
Carro: 1 passeio iniciado!
Carro: 2 espera estar cheio para iniciar passeio!
Carro: 1 vai andar por 5 segundos.
Carro: 2 embarque do carro está liberado!
Passageiro: 9 vai tentar entrar no carro 2
Passageiro: 12 vai tentar entrar no carro 2
Passageiro: 11 vai tentar entrar no carro 2
Passageiro: 10 vai tentar entrar no carro 2
Passageiro: 3 vai tentar entrar no carro 2
Passageiro: 8 vai tentar entrar no carro 2
Passageiro: 9 entrou no carro 2! 1
Passageiro: 12 entrou no carro 2! 2
Passageiro: 11 entrou no carro 2! 3
Passageiro: 10 entrou no carro 2! 4
Passageiro: 3 entrou no carro 2! 5
Passageiro: 8 entrou no carro 2! 6
Carro: 2 espera terminar o passaio para liberar desembarque!
Carro: 2 passeio iniciado!
Carro: 2 vai andar por 5 segundos.
Carro: 1 espera estar vazio para liberar embarque!
Carro: 1 passeio terminado!
Passageiro: 7 vai tentar sair do carro 1
Carro: 1 desembarque do carro está liberado!
Passageiro: 7 saiu do carro!
Passageiro: 7 vai passear no parque por 3 segundos enquanto Seu Lobo não vem.
Passageiro: 2 vai tentar sair do carro 1
Passageiro: 1 vai tentar sair do carro 1
Passageiro: 6 vai tentar sair do carro 1
Passageiro: 4 vai tentar sair do carro 1
Passageiro: 5 vai tentar sair do carro 1
Passageiro: 2 saiu do carro!
Passageiro: 2 vai passear no parque por 2 segundos enquanto Seu Lobo não vem.
Passageiro: 1 saiu do carro!
Passageiro: 6 saiu do carro!
Passageiro: 6 vai passear no parque por 5 segundos enquanto Seu Lobo não vem.
Passageiro: 1 vai passear no parque por 1 segundos enquanto Seu Lobo não vem.
Passageiro: 4 saiu do carro!
Passageiro: 4 vai passear no parque por 5 segundos enquanto Seu Lobo não vem.
Carro: 2 espera estar vazio para liberar embarque!
Passageiro: 5 saiu do carro!
Carro: 1 desembarque do carro está vazio!
Passageiro: 5 vai passear no parque por 5 segundos enquanto Seu Lobo não vem.
Carro: 2 passeio terminado!
Carro: 1 passeio nº 2
Carro: 1 espera estar cheio para iniciar passeio!
Carro: 1 embarque do carro está liberado!
Passageiro: 12 vai tentar sair do carro 2
Carro: 2 desembarque do carro está liberado!
Passageiro: 10 vai tentar sair do carro 2
Passageiro: 8 vai tentar sair do carro 2
Passageiro: 9 vai tentar sair do carro 2
Passageiro: 11 vai tentar sair do carro 2
Passageiro: 3 vai tentar sair do carro 2
Passageiro: 12 saiu do carro!
Passageiro: 12 vai passear no parque por 3 segundos enquanto Seu Lobo não vem.
Passageiro: 10 saiu do carro!
Passageiro: 8 saiu do carro!
Passageiro: 10 vai passear no parque por 4 segundos enquanto Seu Lobo não vem.
Passageiro: 8 vai passear no parque por 1 segundos enquanto Seu Lobo não vem.
Passageiro: 9 saiu do carro!
Passageiro: 9 vai passear no parque por 4 segundos enquanto Seu Lobo não vem.
Passageiro: 11 saiu do carro!
Passageiro: 3 saiu do carro!
Passageiro: 11 vai passear no parque por 5 segundos enquanto Seu Lobo não vem.
Passageiro: 3 vai passear no parque por 5 segundos enquanto Seu Lobo não vem.
Carro: 2 desembarque do carro está vazio!
Passageiro: 1 vai tentar entrar no carro 1
Passageiro: 1 entrou no carro 1! 1
Passageiro: 8 vai tentar entrar no carro 1
Passageiro: 8 entrou no carro 1! 2
Passageiro: 2 vai tentar entrar no carro 1
Passageiro: 2 entrou no carro 1! 3
Passageiro: 7 vai tentar entrar no carro 1
Passageiro: 7 entrou no carro 1! 4
Passageiro: 12 vai tentar entrar no carro 1
Passageiro: 12 entrou no carro 1! 5
Passageiro: 10 vai tentar entrar no carro 1
Passageiro: 10 entrou no carro 1! 6
Passageiro: 9 vai tentar entrar no carro 1
Carro: 1 espera terminar o passaio para liberar desembarque!
Carro: 1 passeio iniciado!
Carro: 1 vai andar por 5 segundos.
Passageiro: 9 vai tentar entrar no carro 2
Carro: 2 passeio nº 2
Carro: 2 espera estar cheio para iniciar passeio!
Carro: 2 embarque do carro está liberado!
Passageiro: 9 vai tentar entrar no carro 2
Passageiro: 9 entrou no carro 2! 1
Passageiro: 6 vai tentar entrar no carro 2
Passageiro: 6 entrou no carro 2! 2
Passageiro: 4 vai tentar entrar no carro 2
Passageiro: 4 entrou no carro 2! 3
Passageiro: 5 vai tentar entrar no carro 2
Passageiro: 5 entrou no carro 2! 4
Passageiro: 11 vai tentar entrar no carro 2
Passageiro: 11 entrou no carro 2! 5
Passageiro: 3 vai tentar entrar no carro 2
Passageiro: 3 entrou no carro 2! 6
Carro: 2 espera terminar o passaio para liberar desembarque!
Carro: 2 passeio iniciado!
Carro: 2 vai andar por 5 segundos.
Carro: 1 espera estar vazio para liberar embarque!
Carro: 1 passeio terminado!
Carro: 1 desembarque do carro está liberado!
Passageiro: 2 vai tentar sair do carro 1
Passageiro: 2 saiu do carro!
Passageiro: 2 vai passear no parque por 4 segundos enquanto Seu Lobo não vem.
Passageiro: 7 vai tentar sair do carro 1
Passageiro: 1 vai tentar sair do carro 1
Passageiro: 7 saiu do carro!
Passageiro: 12 vai tentar sair do carro 1
Passageiro: 10 vai tentar sair do carro 1
Passageiro: 8 vai tentar sair do carro 1
Passageiro: 7 vai passear no parque por 1 segundos enquanto Seu Lobo não vem.
Passageiro: 1 saiu do carro!
Passageiro: 1 vai passear no parque por 5 segundos enquanto Seu Lobo não vem.
Passageiro: 12 saiu do carro!
Passageiro: 12 vai passear no parque por 5 segundos enquanto Seu Lobo não vem.
Passageiro: 10 saiu do carro!
Passageiro: 10 vai passear no parque por 5 segundos enquanto Seu Lobo não vem.
Passageiro: 8 saiu do carro!
Carro: 1 desembarque do carro está vazio!
Passageiro: 8 vai passear no parque por 1 segundos enquanto Seu Lobo não vem.
Carro: 1 passeio nº 3
Carro: 1 espera estar cheio para iniciar passeio!
Carro: 1 embarque do carro está liberado!
Carro: 2 espera estar vazio para liberar embarque!
Carro: 2 passeio terminado!
Carro: 2 desembarque do carro está liberado!
Passageiro: 3 vai tentar sair do carro 2
Passageiro: 3 saiu do carro!
Passageiro: 3 vai passear no parque por 4 segundos enquanto Seu Lobo não vem.
Passageiro: 4 vai tentar sair do carro 2
Passageiro: 4 saiu do carro!
Passageiro: 4 vai passear no parque por 2 segundos enquanto Seu Lobo não vem.
Passageiro: 11 vai tentar sair do carro 2
Passageiro: 11 saiu do carro!
Passageiro: 11 vai passear no parque por 2 segundos enquanto Seu Lobo não vem.
Passageiro: 6 vai tentar sair do carro 2
Passageiro: 9 vai tentar sair do carro 2
Passageiro: 5 vai tentar sair do carro 2
Passageiro: 6 saiu do carro!
Passageiro: 7 vai tentar entrar no carro 1
Passageiro: 9 saiu do carro!
Passageiro: 7 entrou no carro 1! 1
Passageiro: 6 vai passear no parque por 5 segundos enquanto Seu Lobo não vem.
Passageiro: 5 saiu do carro!
Passageiro: 9 vai passear no parque por 1 segundos enquanto Seu Lobo não vem.
Passageiro: 8 vai tentar entrar no carro 1
Carro: 2 desembarque do carro está vazio!
Passageiro: 5 vai passear no parque por 3 segundos enquanto Seu Lobo não vem.
Passageiro: 8 entrou no carro 1! 2
Passageiro: 9 vai tentar entrar no carro 1
Passageiro: 9 entrou no carro 1! 3
Passageiro: 4 vai tentar entrar no carro 1
Passageiro: 4 entrou no carro 1! 4
Passageiro: 11 vai tentar entrar no carro 1
Passageiro: 11 entrou no carro 1! 5
Passageiro: 2 vai tentar entrar no carro 1
Passageiro: 2 entrou no carro 1! 6
Carro: 2 passeio nº 3
Carro: 1 espera terminar o passaio para liberar desembarque!
Carro: 2 espera estar cheio para iniciar passeio!
Carro: 2 embarque do carro está liberado!
Carro: 1 passeio iniciado!
Carro: 1 vai andar por 5 segundos.
Passageiro: 5 vai tentar entrar no carro 2
Passageiro: 5 entrou no carro 2! 1
Passageiro: 3 vai tentar entrar no carro 2
Passageiro: 3 entrou no carro 2! 2
Passageiro: 1 vai tentar entrar no carro 2
Passageiro: 1 entrou no carro 2! 3
Passageiro: 10 vai tentar entrar no carro 2
Passageiro: 12 vai tentar entrar no carro 2
Passageiro: 10 entrou no carro 2! 4
Passageiro: 12 entrou no carro 2! 5
Passageiro: 6 vai tentar entrar no carro 2
Passageiro: 6 entrou no carro 2! 6
Carro: 2 espera terminar o passaio para liberar desembarque!
Carro: 2 passeio iniciado!
Carro: 2 vai andar por 5 segundos.
Carro: 1 espera estar vazio para liberar embarque!
Carro: 1 passeio terminado!
Carro: 1 desembarque do carro está liberado!
Passageiro: 2 vai tentar sair do carro 1
Passageiro: 2 saiu do carro!
Passageiro: 2 vai passear no parque por 5 segundos enquanto Seu Lobo não vem.
Passageiro: 8 vai tentar sair do carro 1
Passageiro: 7 vai tentar sair do carro 1
Passageiro: 9 vai tentar sair do carro 1
Passageiro: 11 vai tentar sair do carro 1
Passageiro: 4 vai tentar sair do carro 1
Passageiro: 8 saiu do carro!
Passageiro: 7 saiu do carro!
Passageiro: 7 vai passear no parque por 2 segundos enquanto Seu Lobo não vem.
Passageiro: 8 vai passear no parque por 4 segundos enquanto Seu Lobo não vem.
Passageiro: 9 saiu do carro!
Passageiro: 9 vai passear no parque por 2 segundos enquanto Seu Lobo não vem.
Passageiro: 11 saiu do carro!
Passageiro: 4 saiu do carro!
Carro: 1 desembarque do carro está vazio!
Carro: 1 passeio nº 4
Carro: 1 espera estar cheio para iniciar passeio!
Passageiro: 11 vai passear no parque por 1 segundos enquanto Seu Lobo não vem.
Carro: 1 embarque do carro está liberado!
Passageiro: 4 vai passear no parque por 5 segundos enquanto Seu Lobo não vem.
Passageiro: 11 vai tentar entrar no carro 1
Passageiro: 11 entrou no carro 1! 1
Passageiro: 7 vai tentar entrar no carro 1
Passageiro: 7 entrou no carro 1! 2
Carro: 2 espera estar vazio para liberar embarque!
Carro: 2 passeio terminado!
Carro: 2 desembarque do carro está liberado!
Passageiro: 1 vai tentar sair do carro 2
Passageiro: 6 vai tentar sair do carro 2
Passageiro: 3 vai tentar sair do carro 2
Passageiro: 10 vai tentar sair do carro 2
Passageiro: 12 vai tentar sair do carro 2
Passageiro: 9 vai tentar entrar no carro 1
Passageiro: 5 vai tentar sair do carro 2
Passageiro: 1 saiu do carro!
Passageiro: 9 entrou no carro 1! 3
Passageiro: 6 saiu do carro!
Passageiro: 1 vai passear no parque por 1 segundos enquanto Seu Lobo não vem.
Passageiro: 6 vai passear no parque por 1 segundos enquanto Seu Lobo não vem.
Passageiro: 3 saiu do carro!
Passageiro: 10 saiu do carro!
Passageiro: 3 vai passear no parque por 5 segundos enquanto Seu Lobo não vem.
Passageiro: 12 saiu do carro!
Passageiro: 10 vai passear no parque por 5 segundos enquanto Seu Lobo não vem.
Passageiro: 12 vai passear no parque por 1 segundos enquanto Seu Lobo não vem.
Passageiro: 5 saiu do carro!
Carro: 2 desembarque do carro está vazio!
Passageiro: 5 vai passear no parque por 2 segundos enquanto Seu Lobo não vem.
Passageiro: 1 vai tentar entrar no carro 1
Passageiro: 6 vai tentar entrar no carro 1
Passageiro: 1 entrou no carro 1! 4
Passageiro: 6 entrou no carro 1! 5
Passageiro: 12 vai tentar entrar no carro 1
Passageiro: 12 entrou no carro 1! 6
Carro: 1 espera terminar o passaio para liberar desembarque!
Carro: 2 passeio nº 4
Carro: 2 espera estar cheio para iniciar passeio!
Carro: 2 embarque do carro está liberado!
Carro: 1 passeio iniciado!
Carro: 1 vai andar por 5 segundos.
Passageiro: 8 vai tentar entrar no carro 2
Passageiro: 8 entrou no carro 2! 1
Passageiro: 5 vai tentar entrar no carro 2
Passageiro: 5 entrou no carro 2! 2
Passageiro: 2 vai tentar entrar no carro 2
Passageiro: 2 entrou no carro 2! 3
Passageiro: 4 vai tentar entrar no carro 2
Passageiro: 4 entrou no carro 2! 4
Passageiro: 3 vai tentar entrar no carro 2
Passageiro: 3 entrou no carro 2! 5
Passageiro: 10 vai tentar entrar no carro 2
Passageiro: 10 entrou no carro 2! 6
Carro: 2 espera terminar o passaio para liberar desembarque!
Carro: 2 passeio iniciado!
Carro: 2 vai andar por 5 segundos.
Carro: 1 espera estar vazio para liberar embarque!
Carro: 1 passeio terminado!
Carro: 1 desembarque do carro está liberado!
Passageiro: 6 vai tentar sair do carro 1
Passageiro: 1 vai tentar sair do carro 1
Passageiro: 11 vai tentar sair do carro 1
Passageiro: 9 vai tentar sair do carro 1
Passageiro: 7 vai tentar sair do carro 1
Passageiro: 12 vai tentar sair do carro 1
Passageiro: 6 saiu do carro!
Passageiro: 6 vai passear no parque por 5 segundos enquanto Seu Lobo não vem.
Passageiro: 1 saiu do carro!
Passageiro: 11 saiu do carro!
Passageiro: 11 vai passear no parque por 3 segundos enquanto Seu Lobo não vem.
Passageiro: 1 vai passear no parque por 5 segundos enquanto Seu Lobo não vem.
Passageiro: 9 saiu do carro!
Passageiro: 7 saiu do carro!
Passageiro: 7 vai passear no parque por 2 segundos enquanto Seu Lobo não vem.
Passageiro: 9 vai passear no parque por 3 segundos enquanto Seu Lobo não vem.
Passageiro: 12 saiu do carro!
Passageiro: 12 vai passear no parque por 3 segundos enquanto Seu Lobo não vem.
Carro: 1 desembarque do carro está vazio!
Passageiro: 7 vai tentar entrar no carro 1
Passageiro: 11 vai tentar entrar no carro 1
Passageiro: 9 vai tentar entrar no carro 1
Passageiro: 12 vai tentar entrar no carro 1
Carro: 2 espera estar vazio para liberar embarque!
Carro: 2 passeio terminado!
Carro: 2 desembarque do carro está liberado!
Passageiro: 2 vai tentar sair do carro 2
Passageiro: 10 vai tentar sair do carro 2
Passageiro: 4 vai tentar sair do carro 2
Passageiro: 3 vai tentar sair do carro 2
Passageiro: 5 vai tentar sair do carro 2
Passageiro: 2 saiu do carro!
Passageiro: 8 vai tentar sair do carro 2
Passageiro: 2 vai passear no parque por 5 segundos enquanto Seu Lobo não vem.
Passageiro: 10 saiu do carro!
Passageiro: 10 vai passear no parque por 2 segundos enquanto Seu Lobo não vem.
Passageiro: 4 saiu do carro!
Passageiro: 3 saiu do carro!
Passageiro: 3 vai passear no parque por 1 segundos enquanto Seu Lobo não vem.
Passageiro: 4 vai passear no parque por 1 segundos enquanto Seu Lobo não vem.
Passageiro: 5 saiu do carro!
Passageiro: 5 vai passear no parque por 2 segundos enquanto Seu Lobo não vem.
Passageiro: 8 saiu do carro!
Carro: 2 desembarque do carro está vazio!
Passageiro: 8 vai passear no parque por 4 segundos enquanto Seu Lobo não vem.
