Pessoa: 1 (M) vai trabalhar por 19 segundos.
Pessoa: 2 (M) vai trabalhar por 13 segundos.
Pessoa: 3 (M) vai trabalhar por 16 segundos.
Pessoa: 4 (M) vai trabalhar por 13 segundos.
Pessoa: 5 (M) vai trabalhar por 19 segundos.
Pessoa: 6 (F) vai trabalhar por 18 segundos.
Pessoa: 7 (F) vai trabalhar por 18 segundos.
Pessoa: 8 (F) vai trabalhar por 10 segundos.
Pessoa: 9 (F) vai trabalhar por 11 segundos.
Pessoa: 10 (F) vai trabalhar por 12 segundos.
Pessoa: 8 (F) entra na fila!
Pessoa: 8 (F) pergunta: é minha vez?
Pessoa: 9 (F) entra na fila!
Pessoa: 9 (F) pergunta: é minha vez?
Pessoa: 10 (F) entra na fila!
Pessoa: 10 (F) pergunta: é minha vez?
Pessoa: 2 (M) entra na fila!
Pessoa: 2 (M) pergunta: é minha vez?
Pessoa: 2 (M) vai tentrar entrar no banheiro
Pessoa: 2 (M) entrou no banheiro!
Pessoa: 4 (M) entra na fila!
Pessoa: 2 (M) vai ficar no banheiro por 4 segundos.
Pessoa: 4 (M) pergunta: é minha vez?
Pessoa: 4 (M) vai tentrar entrar no banheiro
Pessoa: 4 (M) entrou no banheiro!
Pessoa: 4 (M) vai ficar no banheiro por 5 segundos.
Pessoa: 3 (M) entra na fila!
Pessoa: 3 (M) pergunta: é minha vez?
Pessoa: 2 (M) saiu do banheiro
Pessoa: 2 (M) vai trabalhar por 15 segundos.
Pessoa: 6 (F) entra na fila!
Pessoa: 6 (F) pergunta: é minha vez?
Pessoa: 7 (F) entra na fila!
Pessoa: 7 (F) pergunta: é minha vez?
Pessoa: 4 (M) saiu do banheiro
Pessoa: 4 (M) vai trabalhar por 13 segundos.
Pessoa: 8 (F) vai tentrar entrar no banheiro
Pessoa: 8 (F) entrou no banheiro!
Pessoa: 8 (F) vai ficar no banheiro por 4 segundos.
Pessoa: 1 (M) entra na fila!
Pessoa: 1 (M) pergunta: é minha vez?
Pessoa: 5 (M) entra na fila!
Pessoa: 5 (M) pergunta: é minha vez?
Pessoa: 8 (F) saiu do banheiro
Pessoa: 8 (F) vai trabalhar por 11 segundos.
Pessoa: 3 (M) vai tentrar entrar no banheiro
Pessoa: 3 (M) entrou no banheiro!
Pessoa: 3 (M) vai ficar no banheiro por 5 segundos.
Pessoa: 1 (M) vai tentrar entrar no banheiro
Pessoa: 1 (M) entrou no banheiro!
Pessoa: 1 (M) vai ficar no banheiro por 3 segundos.
Pessoa: 1 (M) saiu do banheiro
Pessoa: 1 (M) vai trabalhar por 17 segundos.
Pessoa: 3 (M) saiu do banheiro
Pessoa: 3 (M) vai trabalhar por 16 segundos.
Pessoa: 9 (F) vai tentrar entrar no banheiro
Pessoa: 9 (F) entrou no banheiro!
Pessoa: 9 (F) vai ficar no banheiro por 5 segundos.
Pessoa: 10 (F) vai tentrar entrar no banheiro
Pessoa: 10 (F) entrou no banheiro!
Pessoa: 10 (F) vai ficar no banheiro por 5 segundos.
Pessoa: 6 (F) vai tentrar entrar no banheiro
Pessoa: 6 (F) entrou no banheiro!
Pessoa: 6 (F) vai ficar no banheiro por 4 segundos.
Pessoa: 4 (M) entra na fila!
Pessoa: 4 (M) pergunta: é minha vez?
Pessoa: 6 (F) saiu do banheiro
Pessoa: 6 (F) vai trabalhar por 11 segundos.
Pessoa: 7 (F) vai tentrar entrar no banheiro
Pessoa: 7 (F) entrou no banheiro!
Pessoa: 7 (F) vai ficar no banheiro por 5 segundos.
Pessoa: 2 (M) entra na fila!
Pessoa: 2 (M) pergunta: é minha vez?
Pessoa: 9 (F) saiu do banheiro
Pessoa: 9 (F) vai trabalhar por 13 segundos.
Pessoa: 10 (F) saiu do banheiro
Pessoa: 10 (F) vai trabalhar por 18 segundos.
Pessoa: 8 (F) entra na fila!
Pessoa: 8 (F) pergunta: é minha vez?
Pessoa: 7 (F) saiu do banheiro
Pessoa: 7 (F) vai trabalhar por 12 segundos.
Pessoa: 5 (M) vai tentrar entrar no banheiro
Pessoa: 5 (M) entrou no banheiro!
Pessoa: 5 (M) vai ficar no banheiro por 1 segundos.
Pessoa: 4 (M) vai tentrar entrar no banheiro
Pessoa: 4 (M) entrou no banheiro!
Pessoa: 4 (M) vai ficar no banheiro por 3 segundos.
Pessoa: 2 (M) vai tentrar entrar no banheiro
Pessoa: 2 (M) entrou no banheiro!
Pessoa: 2 (M) vai ficar no banheiro por 3 segundos.
Pessoa: 5 (M) saiu do banheiro
Pessoa: 5 (M) vai trabalhar por 18 segundos.
Pessoa: 4 (M) saiu do banheiro
Pessoa: 4 (M) vai trabalhar por 18 segundos.
Pessoa: 2 (M) saiu do banheiro
Pessoa: 2 (M) vai trabalhar por 19 segundos.
Pessoa: 8 (F) vai tentrar entrar no banheiro
Pessoa: 8 (F) entrou no banheiro!
Pessoa: 8 (F) vai ficar no banheiro por 5 segundos.
Pessoa: 1 (M) entra na fila!
Pessoa: 1 (M) pergunta: é minha vez?
Pessoa: 6 (F) entra na fila!
Pessoa: 6 (F) pergunta: é minha vez?
Pessoa: 6 (F) vai tentrar entrar no banheiro
Pessoa: 6 (F) entrou no banheiro!
Pessoa: 6 (F) vai ficar no banheiro por 4 segundos.
Pessoa: 3 (M) entra na fila!
Pessoa: 3 (M) pergunta: é minha vez?
Pessoa: 8 (F) saiu do banheiro
Pessoa: 8 (F) vai trabalhar por 16 segundos.
Pessoa: 9 (F) entra na fila!
Pessoa: 9 (F) pergunta: é minha vez?
Pessoa: 6 (F) saiu do banheiro
Pessoa: 6 (F) vai trabalhar por 12 segundos.
Pessoa: 1 (M) vai tentrar entrar no banheiro
Pessoa: 1 (M) entrou no banheiro!
Pessoa: 1 (M) vai ficar no banheiro por 3 segundos.
Pessoa: 3 (M) vai tentrar entrar no banheiro
Pessoa: 3 (M) entrou no banheiro!
Pessoa: 3 (M) vai ficar no banheiro por 2 segundos.
Pessoa: 7 (F) entra na fila!
Pessoa: 7 (F) pergunta: é minha vez?
Pessoa: 3 (M) saiu do banheiro
Pessoa: 3 (M) vai trabalhar por 13 segundos.
Pessoa: 1 (M) saiu do banheiro
Pessoa: 1 (M) vai trabalhar por 12 segundos.
Pessoa: 9 (F) vai tentrar entrar no banheiro
Pessoa: 9 (F) entrou no banheiro!
Pessoa: 9 (F) vai ficar no banheiro por 5 segundos.
Pessoa: 10 (F) entra na fila!
Pessoa: 10 (F) pergunta: é minha vez?
Pessoa: 9 (F) saiu do banheiro
Pessoa: 9 (F) vai trabalhar por 11 segundos.
Pessoa: 5 (M) entra na fila!
Pessoa: 5 (M) pergunta: é minha vez?
Pessoa: 5 (M) vai tentrar entrar no banheiro
Pessoa: 5 (M) entrou no banheiro!
Pessoa: 5 (M) vai ficar no banheiro por 5 segundos.
Pessoa: 4 (M) entra na fila!
Pessoa: 4 (M) pergunta: é minha vez?
Pessoa: 6 (F) entra na fila!
Pessoa: 6 (F) pergunta: é minha vez?
Pessoa: 2 (M) entra na fila!
Pessoa: 2 (M) pergunta: é minha vez?
Pessoa: 5 (M) saiu do banheiro
Pessoa: 5 (M) vai trabalhar por 17 segundos.
Pessoa: 7 (F) vai tentrar entrar no banheiro
Pessoa: 7 (F) entrou no banheiro!
Pessoa: 7 (F) vai ficar no banheiro por 3 segundos.
Pessoa: 10 (F) vai tentrar entrar no banheiro
Pessoa: 10 (F) entrou no banheiro!
Pessoa: 10 (F) vai ficar no banheiro por 2 segundos.
Pessoa: 8 (F) entra na fila!
Pessoa: 8 (F) pergunta: é minha vez?
Pessoa: 6 (F) vai tentrar entrar no banheiro
Pessoa: 6 (F) entrou no banheiro!
Pessoa: 6 (F) vai ficar no banheiro por 2 segundos.
Pessoa: 1 (M) entra na fila!
Pessoa: 1 (M) pergunta: é minha vez?
Pessoa: 3 (M) entra na fila!
Pessoa: 3 (M) pergunta: é minha vez?
Pessoa: 10 (F) saiu do banheiro
Pessoa: 8 (F) vai tentrar entrar no banheiro
Pessoa: 10 (F) vai trabalhar por 11 segundos.
Pessoa: 8 (F) entrou no banheiro!
Pessoa: 6 (F) saiu do banheiro
Pessoa: 8 (F) vai ficar no banheiro por 2 segundos.
Pessoa: 6 (F) vai trabalhar por 19 segundos.
Pessoa: 7 (F) saiu do banheiro
Pessoa: 7 (F) vai trabalhar por 19 segundos.
Pessoa: 8 (F) saiu do banheiro
Pessoa: 8 (F) vai trabalhar por 16 segundos.
Pessoa: 4 (M) vai tentrar entrar no banheiro
Pessoa: 4 (M) entrou no banheiro!
Pessoa: 4 (M) vai ficar no banheiro por 4 segundos.
Pessoa: 9 (F) entra na fila!
Pessoa: 9 (F) pergunta: é minha vez?
Pessoa: 4 (M) saiu do banheiro
Pessoa: 4 (M) vai trabalhar por 18 segundos.
Pessoa: 9 (F) vai tentrar entrar no banheiro
Pessoa: 9 (F) entrou no banheiro!
Pessoa: 9 (F) vai ficar no banheiro por 3 segundos.
Pessoa: 9 (F) saiu do banheiro
Pessoa: 9 (F) vai trabalhar por 17 segundos.
Pessoa: 2 (M) vai tentrar entrar no banheiro
Pessoa: 2 (M) entrou no banheiro!
Pessoa: 2 (M) vai ficar no banheiro por 3 segundos.
Pessoa: 10 (F) entra na fila!
Pessoa: 10 (F) pergunta: é minha vez?
Pessoa: 2 (M) saiu do banheiro
Pessoa: 2 (M) vai trabalhar por 15 segundos.
Pessoa: 10 (F) vai tentrar entrar no banheiro
Pessoa: 10 (F) entrou no banheiro!
Pessoa: 10 (F) vai ficar no banheiro por 5 segundos.
Pessoa: 5 (M) entra na fila!
Pessoa: 5 (M) pergunta: é minha vez?
Pessoa: 10 (F) saiu do banheiro
Pessoa: 10 (F) vai trabalhar por 15 segundos.
Pessoa: 1 (M) vai tentrar entrar no banheiro
Pessoa: 1 (M) entrou no banheiro!
Pessoa: 1 (M) vai ficar no banheiro por 2 segundos.
Pessoa: 8 (F) entra na fila!
Pessoa: 8 (F) pergunta: é minha vez?
Pessoa: 6 (F) entra na fila!
Pessoa: 6 (F) pergunta: é minha vez?
Pessoa: 1 (M) saiu do banheiro
Pessoa: 1 (M) vai trabalhar por 10 segundos.
Pessoa: 8 (F) vai tentrar entrar no banheiro
Pessoa: 8 (F) entrou no banheiro!
Pessoa: 8 (F) vai ficar no banheiro por 1 segundos.
Pessoa: 6 (F) vai tentrar entrar no banheiro
Pessoa: 6 (F) entrou no banheiro!
Pessoa: 6 (F) vai ficar no banheiro por 5 segundos.
Pessoa: 7 (F) entra na fila!
Pessoa: 7 (F) pergunta: é minha vez?
Pessoa: 8 (F) saiu do banheiro
Pessoa: 8 (F) vai trabalhar por 18 segundos.
Pessoa: 4 (M) entra na fila!
Pessoa: 4 (M) pergunta: é minha vez?
Pessoa: 6 (F) saiu do banheiro
Pessoa: 6 (F) vai trabalhar por 13 segundos.
Pessoa: 3 (M) vai tentrar entrar no banheiro
Pessoa: 3 (M) entrou no banheiro!
Pessoa: 3 (M) vai ficar no banheiro por 3 segundos.
Pessoa: 5 (M) vai tentrar entrar no banheiro
Pessoa: 5 (M) entrou no banheiro!
Pessoa: 5 (M) vai ficar no banheiro por 5 segundos.
Pessoa: 4 (M) vai tentrar entrar no banheiro
Pessoa: 4 (M) entrou no banheiro!
Pessoa: 4 (M) vai ficar no banheiro por 1 segundos.
Pessoa: 4 (M) saiu do banheiro
Pessoa: 4 (M) vai trabalhar por 16 segundos.
Pessoa: 9 (F) entra na fila!
Pessoa: 9 (F) pergunta: é minha vez?
Pessoa: 2 (M) entra na fila!
Pessoa: 2 (M) pergunta: é minha vez?
Pessoa: 3 (M) saiu do banheiro
Pessoa: 3 (M) vai trabalhar por 14 segundos.
Pessoa: 1 (M) entra na fila!
Pessoa: 1 (M) pergunta: é minha vez?
Pessoa: 5 (M) saiu do banheiro
Pessoa: 5 (M) vai trabalhar por 18 segundos.
Pessoa: 7 (F) vai tentrar entrar no banheiro
Pessoa: 7 (F) entrou no banheiro!
Pessoa: 7 (F) vai ficar no banheiro por 3 segundos.
Pessoa: 9 (F) vai tentrar entrar no banheiro
Pessoa: 9 (F) entrou no banheiro!
Pessoa: 9 (F) vai ficar no banheiro por 2 segundos.
Pessoa: 9 (F) saiu do banheiro
Pessoa: 9 (F) vai trabalhar por 14 segundos.
Pessoa: 10 (F) entra na fila!
Pessoa: 10 (F) pergunta: é minha vez?
Pessoa: 7 (F) saiu do banheiro
Pessoa: 7 (F) vai trabalhar por 17 segundos.
Pessoa: 2 (M) vai tentrar entrar no banheiro
Pessoa: 2 (M) entrou no banheiro!
Pessoa: 2 (M) vai ficar no banheiro por 3 segundos.
Pessoa: 1 (M) vai tentrar entrar no banheiro
Pessoa: 1 (M) entrou no banheiro!
Pessoa: 1 (M) vai ficar no banheiro por 1 segundos.
Pessoa: 1 (M) saiu do banheiro
Pessoa: 1 (M) vai trabalhar por 13 segundos.
Pessoa: 2 (M) saiu do banheiro
Pessoa: 2 (M) vai trabalhar por 10 segundos.
Pessoa: 10 (F) vai tentrar entrar no banheiro
Pessoa: 10 (F) entrou no banheiro!
Pessoa: 10 (F) vai ficar no banheiro por 5 segundos.
Pessoa: 6 (F) entra na fila!
Pessoa: 6 (F) pergunta: é minha vez?
Pessoa: 6 (F) vai tentrar entrar no banheiro
Pessoa: 6 (F) entrou no banheiro!
Pessoa: 6 (F) vai ficar no banheiro por 3 segundos.
