Carro: <__main__.Carro object at 0x02AB8410> irá fazer o passeio 1
Carro: <__main__.Carro object at 0x02AB8410> espera estar vazio para liberar embarque!
Carro: <__main__.Carro object at 0x02AB8410> embarque do carro está liberado!
Carro: <__main__.Carro object at 0x02AB8410> espera estar cheio para iniciar passeio!
Carro: <__main__.Carro object at 0x02AB8410> passeio iniciado!
Carro: <__main__.Carro object at 0x02AB8410> espera terminar o passaio para liberar desembarque!
Carro: <__main__.Carro object at 0x02AB8410> vai andar por 3 segundos.
Carro: <__main__.Carro object at 0x02AB8410> passeio terminado!
Carro: <__main__.Carro object at 0x02AB8410> desembarque do carro está liberado!
Carro: <__main__.Carro object at 0x02AB8410> irá fazer o passeio 2
Carro: <__main__.Carro object at 0x02AB8410> espera estar vazio para liberar embarque!
Carro: <__main__.Carro object at 0x02AB8410> embarque do carro está liberado!
Carro: <__main__.Carro object at 0x02AB8410> espera estar cheio para iniciar passeio!
Carro: <__main__.Carro object at 0x02AB8410> passeio iniciado!
Carro: <__main__.Carro object at 0x02AB8410> espera terminar o passaio para liberar desembarque!
Carro: <__main__.Carro object at 0x02AB8410> vai andar por 2 segundos.
Carro: <__main__.Carro object at 0x02AB8410> passeio terminado!
Carro: <__main__.Carro object at 0x02AB8410> desembarque do carro está liberado!
Carro: <__main__.Carro object at 0x02AB8410> irá fazer o passeio 3
Carro: <__main__.Carro object at 0x02AB8410> espera estar vazio para liberar embarque!
Carro: <__main__.Carro object at 0x02AB8410> embarque do carro está liberado!
Carro: <__main__.Carro object at 0x02AB8410> espera estar cheio para iniciar passeio!
Carro: <__main__.Carro object at 0x02AB8410> espera terminar o passaio para liberar desembarque!
Carro: <__main__.Carro object at 0x02AB8410> passeio iniciado!
Carro: <__main__.Carro object at 0x02AB8410> vai andar por 2 segundos.
Carro: <__main__.Carro object at 0x02AB8410> passeio terminado!
Carro: <__main__.Carro object at 0x02AB8410> desembarque do carro está liberado!
