Carro: <__main__.Carro object at 0x036B4550> irá fazer o passeio 1
Carro: <__main__.Carro object at 0x036B4550> espera estar vazio para liberar o embarque!
Carro: <__main__.Carro object at 0x036B4550> embarque liberado!
Carro: <__main__.Carro object at 0x036B4550> embarque do carro está liberado!
Passageiro: 1 pergunta: é minha vez?
Carro: <__main__.Carro object at 0x036B4550> espera estar cheio para iniciar passeio!
Passageiro: 2 pergunta: é minha vez?
Passageiro: 1 irá poder entrar no carro!
Passageiro: 3 pergunta: é minha vez?
Passageiro: 4 pergunta: é minha vez?
Passageiro: 2 irá poder entrar no carro!
Passageiro: 5 pergunta: é minha vez?
Passageiro: 1 pergunta: embarque do carro está liberado?
Passageiro: 6 pergunta: é minha vez?
Passageiro: 3 irá poder entrar no carro!
Passageiro: 7 pergunta: é minha vez?
Passageiro: 4 irá poder entrar no carro!
Passageiro: 8 pergunta: é minha vez?
Passageiro: 2 pergunta: embarque do carro está liberado?
Passageiro: 5 irá poder entrar no carro!
Passageiro: 1 entrou no carro!
Passageiro: 6 irá poder entrar no carro!
Passageiro: 3 pergunta: embarque do carro está liberado?
Passageiro: 4 pergunta: embarque do carro está liberado?
Passageiro: 2 entrou no carro!
Passageiro: 5 pergunta: embarque do carro está liberado?
Passageiro: 1 pergunta: desembarque do carro está liberado?
Passageiro: 6 pergunta: embarque do carro está liberado?
Passageiro: 3 entrou no carro!
Passageiro: 4 entrou no carro!
Passageiro: 2 pergunta: desembarque do carro está liberado?
Passageiro: 5 entrou no carro!
Passageiro: 6 entrou no carro!
Passageiro: 3 pergunta: desembarque do carro está liberado?
Passageiro: 4 pergunta: desembarque do carro está liberado?
Carro: <__main__.Carro object at 0x036B4550> espera terminar o passaio para liberar desembarque!
Passageiro: 5 pergunta: desembarque do carro está liberado?
Carro: <__main__.Carro object at 0x036B4550> passeio iniciado!
Passageiro: 6 pergunta: desembarque do carro está liberado?
Carro: <__main__.Carro object at 0x036B4550> vai andar por 4 segundos.
Carro: <__main__.Carro object at 0x036B4550> passeio terminado!
Carro: <__main__.Carro object at 0x036B4550> desembarque do carro está liberado!
Carro: <__main__.Carro object at 0x036B4550> irá fazer o passeio 2
Carro: <__main__.Carro object at 0x036B4550> espera estar vazio para liberar o embarque!
Passageiro: 2 saiu do carro!
Passageiro: 2 vai passear no parque por 4 segundos!
Passageiro: 4 saiu do carro!
Passageiro: 4 vai passear no parque por 5 segundos!
Passageiro: 1 saiu do carro!
Passageiro: 5 saiu do carro!
Passageiro: 7 irá poder entrar no carro!
Passageiro: 1 vai passear no parque por 3 segundos!
Passageiro: 3 saiu do carro!
Passageiro: 8 irá poder entrar no carro!
Passageiro: 6 saiu do carro!
Passageiro: 5 vai passear no parque por 3 segundos!
Carro: <__main__.Carro object at 0x036B4550> embarque liberado!
Passageiro: 7 pergunta: embarque do carro está liberado?
Passageiro: 3 vai passear no parque por 2 segundos!
Carro: <__main__.Carro object at 0x036B4550> embarque do carro está liberado!
Passageiro: 8 pergunta: embarque do carro está liberado?
Passageiro: 6 vai passear no parque por 2 segundos!
Carro: <__main__.Carro object at 0x036B4550> espera estar cheio para iniciar passeio!
Passageiro: 7 entrou no carro!
Passageiro: 8 entrou no carro!
Passageiro: 7 pergunta: desembarque do carro está liberado?
Passageiro: 8 pergunta: desembarque do carro está liberado?
Passageiro: 3 pergunta: é minha vez?
Passageiro: 3 irá poder entrar no carro!
Passageiro: 3 pergunta: embarque do carro está liberado?
Passageiro: 3 entrou no carro!
Passageiro: 3 pergunta: desembarque do carro está liberado?
Passageiro: 6 pergunta: é minha vez?
Passageiro: 6 irá poder entrar no carro!
Passageiro: 6 pergunta: embarque do carro está liberado?
Passageiro: 6 entrou no carro!
Passageiro: 6 pergunta: desembarque do carro está liberado?
Passageiro: 5 pergunta: é minha vez?
Passageiro: 1 pergunta: é minha vez?
Passageiro: 5 irá poder entrar no carro!
Passageiro: 1 irá poder entrar no carro!
Passageiro: 5 pergunta: embarque do carro está liberado?
Passageiro: 1 pergunta: embarque do carro está liberado?
Passageiro: 5 entrou no carro!
Passageiro: 1 entrou no carro!
Passageiro: 5 pergunta: desembarque do carro está liberado?
Passageiro: 1 pergunta: desembarque do carro está liberado?
Carro: <__main__.Carro object at 0x036B4550> passeio iniciado!
Carro: <__main__.Carro object at 0x036B4550> espera terminar o passaio para liberar desembarque!
Carro: <__main__.Carro object at 0x036B4550> vai andar por 1 segundos.
Passageiro: 2 pergunta: é minha vez?
Carro: <__main__.Carro object at 0x036B4550> passeio terminado!
Carro: <__main__.Carro object at 0x036B4550> desembarque do carro está liberado!
Carro: <__main__.Carro object at 0x036B4550> irá fazer o passeio 3
Carro: <__main__.Carro object at 0x036B4550> espera estar vazio para liberar o embarque!
Passageiro: 3 saiu do carro!
Passageiro: 1 saiu do carro!
Passageiro: 6 saiu do carro!
Passageiro: 7 saiu do carro!
Passageiro: 5 saiu do carro!
Passageiro: 8 saiu do carro!
Passageiro: 3 vai passear no parque por 2 segundos!
Carro: <__main__.Carro object at 0x036B4550> embarque liberado!
Carro: <__main__.Carro object at 0x036B4550> embarque do carro está liberado!
Carro: <__main__.Carro object at 0x036B4550> espera estar cheio para iniciar passeio!
Passageiro: 2 irá poder entrar no carro!
Passageiro: 1 vai passear no parque por 4 segundos!
Passageiro: 6 vai passear no parque por 5 segundos!
Passageiro: 5 vai passear no parque por 4 segundos!
Passageiro: 7 vai passear no parque por 4 segundos!
Passageiro: 8 vai passear no parque por 2 segundos!
Passageiro: 2 pergunta: embarque do carro está liberado?
Passageiro: 2 entrou no carro!
Passageiro: 2 pergunta: desembarque do carro está liberado?
Passageiro: 4 pergunta: é minha vez?
Passageiro: 4 irá poder entrar no carro!
Passageiro: 4 pergunta: embarque do carro está liberado?
Passageiro: 4 entrou no carro!
Passageiro: 4 pergunta: desembarque do carro está liberado?
Passageiro: 3 pergunta: é minha vez?
Passageiro: 3 irá poder entrar no carro!
Passageiro: 3 pergunta: embarque do carro está liberado?
Passageiro: 3 entrou no carro!
Passageiro: 3 pergunta: desembarque do carro está liberado?
Passageiro: 8 pergunta: é minha vez?
Passageiro: 8 irá poder entrar no carro!
Passageiro: 8 pergunta: embarque do carro está liberado?
Passageiro: 8 entrou no carro!
Passageiro: 8 pergunta: desembarque do carro está liberado?
Passageiro: 1 pergunta: é minha vez?
Passageiro: 7 pergunta: é minha vez?
Passageiro: 1 irá poder entrar no carro!
Passageiro: 5 pergunta: é minha vez?
Passageiro: 7 irá poder entrar no carro!
Passageiro: 1 pergunta: embarque do carro está liberado?
Passageiro: 7 pergunta: embarque do carro está liberado?
Passageiro: 1 entrou no carro!
Passageiro: 7 entrou no carro!
Passageiro: 1 pergunta: desembarque do carro está liberado?
Passageiro: 7 pergunta: desembarque do carro está liberado?
Carro: <__main__.Carro object at 0x036B4550> espera terminar o passaio para liberar desembarque!
Carro: <__main__.Carro object at 0x036B4550> passeio iniciado!
Carro: <__main__.Carro object at 0x036B4550> vai andar por 3 segundos.
Passageiro: 6 pergunta: é minha vez?
Carro: <__main__.Carro object at 0x036B4550> passeio terminado!
Carro: <__main__.Carro object at 0x036B4550> desembarque do carro está liberado!
