Passageiro: 1 espera poder entrar no carro
Passageiro: 1 vai tentar entrar no carro
Passageiro: 1 entrou no carro!
Passageiro: 1 espera poder sair do carro
Passageiro: 2 espera poder entrar no carro
Passageiro: 2 vai tentar entrar no carro
Passageiro: 2 entrou no carro!
Passageiro: 3 espera poder entrar no carro
Passageiro: 4 espera poder entrar no carro
Passageiro: 2 espera poder sair do carro
Passageiro: 3 vai tentar entrar no carro
Passageiro: 5 espera poder entrar no carro
Passageiro: 6 espera poder entrar no carro
Passageiro: 4 vai tentar entrar no carro
Passageiro: 7 espera poder entrar no carro
Passageiro: 8 espera poder entrar no carro
Passageiro: 3 entrou no carro!
Passageiro: 5 vai tentar entrar no carro
Passageiro: 6 vai tentar entrar no carro
Passageiro: 4 entrou no carro!
Passageiro: 7 vai tentar entrar no carro
Passageiro: 8 vai tentar entrar no carro
Passageiro: 3 espera poder sair do carro
Passageiro: 5 entrou no carro!
Passageiro: 6 entrou no carro!
Passageiro: 4 espera poder sair do carro
Passageiro: 7 não entrou no carro! Carro não liberado para embarque! Passageiro vai esperar 1 segundo e tentar novamente!
Passageiro: 8 não entrou no carro! Carro não liberado para embarque! Passageiro vai esperar 1 segundo e tentar novamente!
Passageiro: 5 espera poder sair do carro
Passageiro: 6 espera poder sair do carro
Passageiro: 8 espera poder entrar no carro
Passageiro: 7 espera poder entrar no carro
Passageiro: 4 vai tentar sair do carro
Passageiro: 4 saiu do carro!
Passageiro: 4 vai passear no parque por 5 segundos.
Passageiro: 6 vai tentar sair do carro
Passageiro: 6 saiu do carro!
Passageiro: 3 vai tentar sair do carro
Passageiro: 1 vai tentar sair do carro
Passageiro: 2 vai tentar sair do carro
Passageiro: 5 vai tentar sair do carro
Passageiro: 6 vai passear no parque por 4 segundos.
Passageiro: 3 saiu do carro!
Passageiro: 1 saiu do carro!
Passageiro: 2 saiu do carro!
Passageiro: 5 saiu do carro!
Passageiro: 3 vai passear no parque por 3 segundos.
Passageiro: 7 vai tentar entrar no carro
Passageiro: 1 vai passear no parque por 3 segundos.
Passageiro: 8 vai tentar entrar no carro
Passageiro: 2 vai passear no parque por 2 segundos.
Passageiro: 5 vai passear no parque por 3 segundos.
Passageiro: 7 entrou no carro!
Passageiro: 8 entrou no carro!
Passageiro: 7 espera poder sair do carro
Passageiro: 8 espera poder sair do carro
Passageiro: 2 espera poder entrar no carro
Passageiro: 2 vai tentar entrar no carro
Passageiro: 2 entrou no carro!
Passageiro: 2 espera poder sair do carro
Passageiro: 3 espera poder entrar no carro
Passageiro: 1 espera poder entrar no carro
Passageiro: 3 vai tentar entrar no carro
Passageiro: 1 vai tentar entrar no carro
Passageiro: 5 espera poder entrar no carro
Passageiro: 3 entrou no carro!
Passageiro: 1 entrou no carro!
Passageiro: 5 vai tentar entrar no carro
Passageiro: 3 espera poder sair do carro
Passageiro: 1 espera poder sair do carro
Passageiro: 5 entrou no carro!
Passageiro: 5 espera poder sair do carro
Passageiro: 6 espera poder entrar no carro
Passageiro: 4 espera poder entrar no carro
Passageiro: 8 vai tentar sair do carro
Passageiro: 8 saiu do carro!
Passageiro: 8 vai passear no parque por 3 segundos.
Passageiro: 2 vai tentar sair do carro
Passageiro: 2 saiu do carro!
Passageiro: 3 vai tentar sair do carro
Passageiro: 7 vai tentar sair do carro
Passageiro: 2 vai passear no parque por 5 segundos.
Passageiro: 3 saiu do carro!
Passageiro: 7 saiu do carro!
Passageiro: 1 vai tentar sair do carro
Passageiro: 5 vai tentar sair do carro
Passageiro: 3 vai passear no parque por 5 segundos.
Passageiro: 7 vai passear no parque por 2 segundos.
Passageiro: 1 saiu do carro!
Passageiro: 5 saiu do carro!
Passageiro: 6 vai tentar entrar no carro
Passageiro: 4 vai tentar entrar no carro
Passageiro: 1 vai passear no parque por 3 segundos.
Passageiro: 5 vai passear no parque por 2 segundos.
Passageiro: 6 entrou no carro!
Passageiro: 4 entrou no carro!
Passageiro: 6 espera poder sair do carro
Passageiro: 4 espera poder sair do carro
Passageiro: 7 espera poder entrar no carro
Passageiro: 7 vai tentar entrar no carro
Passageiro: 7 entrou no carro!
Passageiro: 7 espera poder sair do carro
Passageiro: 5 espera poder entrar no carro
Passageiro: 5 vai tentar entrar no carro
Passageiro: 5 entrou no carro!
Passageiro: 5 espera poder sair do carro
Passageiro: 8 espera poder entrar no carro
Passageiro: 8 vai tentar entrar no carro
Passageiro: 8 entrou no carro!
Passageiro: 8 espera poder sair do carro
Passageiro: 1 espera poder entrar no carro
Passageiro: 1 vai tentar entrar no carro
Passageiro: 1 entrou no carro!
Passageiro: 1 espera poder sair do carro
Passageiro: 2 espera poder entrar no carro
Passageiro: 3 espera poder entrar no carro
