Carro: 1 passeio nº 1
Carro: 1 entra na fila da plataforma!
Carro: 1 espera sua vez!
Carro: 2 passeio nº 1
Carro: 2 entra na fila da plataforma!
Carro: 2 espera sua vez!
Carro: 1 adquire acesso da plataforma!
Carro: 1 desembarque do carro está liberado!
Carro: 1 embarque do carro está liberado!
Carro: 1 espera estar cheio para iniciar passeio!
Carro: 1 passeio iniciado!
Carro: 1 vai andar por 5 segundos.
Carro: 2 adquire acesso da plataforma!
Carro: 2 desembarque do carro está liberado!
Carro: 2 embarque do carro está liberado!
Carro: 2 espera estar cheio para iniciar passeio!
Carro: 2 passeio iniciado!
Carro: 2 vai andar por 5 segundos.
Carro: 1 passeio terminado!
Carro: 1 passeio nº 2
Carro: 1 adquire acesso da plataforma!
Carro: 2 passeio terminado!
Carro: 1 desembarque do carro está liberado!
Carro: 2 passeio nº 2
Carro: 1 espera estar vazio para liberar o embarque!
Carro: 2 espera sua vez!
Carro: 1 embarque do carro está liberado!
Carro: 1 espera estar cheio para iniciar passeio!
