Passageiro: 1 entra na fila!
Passageiro: 2 entra na fila!
Passageiro: 3 entra na fila!
Passageiro: 4 entra na fila!
Passageiro: 5 entra na fila!
Passageiro: 1 espera sua vez!
Passageiro: 6 entra na fila!
Passageiro: 2 espera sua vez!
Passageiro: 7 entra na fila!
Passageiro: 3 espera sua vez!
Passageiro: 8 entra na fila!
Passageiro: 9 entra na fila!
Passageiro: 4 espera sua vez!
Passageiro: 10 entra na fila!
Passageiro: 5 espera sua vez!
Passageiro: 11 entra na fila!
Passageiro: 12 entra na fila!
Passageiro: 6 espera sua vez!
Passageiro: 7 espera sua vez!
Passageiro: 8 espera sua vez!
Passageiro: 9 espera sua vez!
Passageiro: 10 espera sua vez!
Passageiro: 1 vai tentar entrar no carro 1!
Passageiro: 11 espera sua vez!
Passageiro: 12 espera sua vez!
Passageiro: 1 entrou no carro 1!
Passageiro: 1 pergunta: desembarque do carro 1 está liberado?
Passageiro: 2 vai tentar entrar no carro 1!
Passageiro: 2 entrou no carro 1!
Passageiro: 2 pergunta: desembarque do carro 1 está liberado?
Passageiro: 3 vai tentar entrar no carro 1!
Passageiro: 3 entrou no carro 1!
Passageiro: 3 pergunta: desembarque do carro 1 está liberado?
Passageiro: 4 vai tentar entrar no carro 1!
Passageiro: 4 entrou no carro 1!
Passageiro: 4 pergunta: desembarque do carro 1 está liberado?
Passageiro: 5 vai tentar entrar no carro 1!
Passageiro: 5 entrou no carro 1!
Passageiro: 5 pergunta: desembarque do carro 1 está liberado?
Passageiro: 6 vai tentar entrar no carro 1!
Passageiro: 6 entrou no carro 1!
Passageiro: 6 pergunta: desembarque do carro 1 está liberado?
Passageiro: 7 vai tentar entrar no carro 2!
Passageiro: 7 entrou no carro 2!
Passageiro: 7 pergunta: desembarque do carro 2 está liberado?
Passageiro: 8 vai tentar entrar no carro 2!
Passageiro: 8 entrou no carro 2!
Passageiro: 8 pergunta: desembarque do carro 2 está liberado?
Passageiro: 9 vai tentar entrar no carro 2!
Passageiro: 9 entrou no carro 2!
Passageiro: 9 pergunta: desembarque do carro 2 está liberado?
Passageiro: 10 vai tentar entrar no carro 2!
Passageiro: 10 entrou no carro 2!
Passageiro: 10 pergunta: desembarque do carro 2 está liberado?
Passageiro: 11 vai tentar entrar no carro 2!
Passageiro: 11 entrou no carro 2!
Passageiro: 11 pergunta: desembarque do carro 2 está liberado?
Passageiro: 12 vai tentar entrar no carro 2!
Passageiro: 12 entrou no carro 2!
Passageiro: 12 pergunta: desembarque do carro 2 está liberado?
Passageiro: 3 saiu do carro 1!
Passageiro: 3 vai passear no parque por 2 segundos!
Passageiro: 1 saiu do carro 1!
Passageiro: 1 vai passear no parque por 4 segundos!
Passageiro: 5 saiu do carro 1!
Passageiro: 5 vai passear no parque por 3 segundos!
Passageiro: 6 saiu do carro 1!
Passageiro: 2 saiu do carro 1!
Passageiro: 6 vai passear no parque por 3 segundos!
Passageiro: 4 saiu do carro 1!
Passageiro: 2 vai passear no parque por 4 segundos!
Passageiro: 4 vai passear no parque por 5 segundos!
Passageiro: 3 entra na fila!
Passageiro: 3 espera sua vez!
Passageiro: 3 vai tentar entrar no carro 1!
Passageiro: 3 entrou no carro 1!
Passageiro: 3 pergunta: desembarque do carro 1 está liberado?
Passageiro: 5 entra na fila!
Passageiro: 5 espera sua vez!
Passageiro: 5 vai tentar entrar no carro 1!
Passageiro: 5 entrou no carro 1!
Passageiro: 6 entra na fila!
Passageiro: 5 pergunta: desembarque do carro 1 está liberado?
Passageiro: 6 espera sua vez!
Passageiro: 6 vai tentar entrar no carro 1!
Passageiro: 6 entrou no carro 1!
Passageiro: 6 pergunta: desembarque do carro 1 está liberado?
Passageiro: 1 entra na fila!
Passageiro: 1 espera sua vez!
Passageiro: 1 vai tentar entrar no carro 1!
Passageiro: 1 entrou no carro 1!
Passageiro: 1 pergunta: desembarque do carro 1 está liberado?
Passageiro: 2 entra na fila!
Passageiro: 2 espera sua vez!
Passageiro: 2 vai tentar entrar no carro 1!
Passageiro: 2 entrou no carro 1!
Passageiro: 2 pergunta: desembarque do carro 1 está liberado?
Passageiro: 4 entra na fila!
Passageiro: 4 espera sua vez!
Passageiro: 4 vai tentar entrar no carro 1!
Passageiro: 4 entrou no carro 1!
Passageiro: 4 pergunta: desembarque do carro 1 está liberado?
Passageiro: 9 saiu do carro 2!
Passageiro: 9 vai passear no parque por 1 segundos!
Passageiro: 7 saiu do carro 2!
Passageiro: 7 vai passear no parque por 1 segundos!
Passageiro: 8 saiu do carro 2!
Passageiro: 10 saiu do carro 2!
Passageiro: 11 saiu do carro 2!
Passageiro: 12 saiu do carro 2!
Passageiro: 8 vai passear no parque por 2 segundos!
Passageiro: 10 vai passear no parque por 3 segundos!
Passageiro: 11 vai passear no parque por 1 segundos!
Passageiro: 12 vai passear no parque por 2 segundos!
Passageiro: 9 entra na fila!
Passageiro: 9 espera sua vez!
Passageiro: 9 vai tentar entrar no carro 2!
Passageiro: 9 entrou no carro 2!
Passageiro: 9 pergunta: desembarque do carro 2 está liberado?
Passageiro: 7 entra na fila!
Passageiro: 7 espera sua vez!
Passageiro: 7 vai tentar entrar no carro 2!
Passageiro: 7 entrou no carro 2!
Passageiro: 7 pergunta: desembarque do carro 2 está liberado?
Passageiro: 11 entra na fila!
Passageiro: 11 espera sua vez!
Passageiro: 11 vai tentar entrar no carro 2!
Passageiro: 11 entrou no carro 2!
Passageiro: 11 pergunta: desembarque do carro 2 está liberado?
Passageiro: 8 entra na fila!
Passageiro: 12 entra na fila!
Passageiro: 8 espera sua vez!
Passageiro: 12 espera sua vez!
Passageiro: 8 vai tentar entrar no carro 2!
Passageiro: 8 entrou no carro 2!
Passageiro: 12 vai tentar entrar no carro 2!
Passageiro: 12 entrou no carro 2!
Passageiro: 12 pergunta: desembarque do carro 2 está liberado?
Passageiro: 8 pergunta: desembarque do carro 2 está liberado?
Passageiro: 10 entra na fila!
Passageiro: 10 espera sua vez!
Passageiro: 10 vai tentar entrar no carro 2!
Passageiro: 10 entrou no carro 2!
Passageiro: 10 pergunta: desembarque do carro 2 está liberado?
Passageiro: 1 saiu do carro 1!
Passageiro: 1 vai passear no parque por 1 segundos!
Passageiro: 5 saiu do carro 1!
Passageiro: 5 vai passear no parque por 3 segundos!
Passageiro: 4 saiu do carro 1!
Passageiro: 4 vai passear no parque por 2 segundos!
Passageiro: 3 saiu do carro 1!
Passageiro: 2 saiu do carro 1!
Passageiro: 6 saiu do carro 1!
Passageiro: 3 vai passear no parque por 2 segundos!
Passageiro: 2 vai passear no parque por 5 segundos!
Passageiro: 6 vai passear no parque por 2 segundos!
Passageiro: 1 entra na fila!
Passageiro: 1 espera sua vez!
Passageiro: 1 vai tentar entrar no carro 1!
Passageiro: 1 entrou no carro 1!
Passageiro: 1 pergunta: desembarque do carro 1 está liberado?
Passageiro: 4 entra na fila!
Passageiro: 4 espera sua vez!
Passageiro: 4 vai tentar entrar no carro 1!
Passageiro: 4 entrou no carro 1!
Passageiro: 4 pergunta: desembarque do carro 1 está liberado?
Passageiro: 3 entra na fila!
Passageiro: 6 entra na fila!
Passageiro: 3 espera sua vez!
Passageiro: 6 espera sua vez!
Passageiro: 3 vai tentar entrar no carro 1!
Passageiro: 3 entrou no carro 1!
Passageiro: 3 pergunta: desembarque do carro 1 está liberado?
Passageiro: 6 vai tentar entrar no carro 1!
Passageiro: 6 entrou no carro 1!
Passageiro: 6 pergunta: desembarque do carro 1 está liberado?
Passageiro: 5 entra na fila!
Passageiro: 5 espera sua vez!
Passageiro: 5 vai tentar entrar no carro 1!
Passageiro: 5 entrou no carro 1!
Passageiro: 5 pergunta: desembarque do carro 1 está liberado?
Passageiro: 2 entra na fila!
Passageiro: 2 espera sua vez!
Passageiro: 2 vai tentar entrar no carro 1!
Passageiro: 2 entrou no carro 1!
Passageiro: 2 pergunta: desembarque do carro 1 está liberado?
Passageiro: 11 saiu do carro 2!
Passageiro: 11 vai passear no parque por 1 segundos!
Passageiro: 12 saiu do carro 2!
Passageiro: 12 vai passear no parque por 4 segundos!
Passageiro: 8 saiu do carro 2!
Passageiro: 10 saiu do carro 2!
Passageiro: 9 saiu do carro 2!
Passageiro: 7 saiu do carro 2!
Passageiro: 8 vai passear no parque por 5 segundos!
Passageiro: 10 vai passear no parque por 4 segundos!
Passageiro: 9 vai passear no parque por 3 segundos!
Passageiro: 7 vai passear no parque por 5 segundos!
Passageiro: 11 entra na fila!
Passageiro: 11 espera sua vez!
Passageiro: 11 vai tentar entrar no carro 2!
Passageiro: 11 entrou no carro 2!
Passageiro: 11 pergunta: desembarque do carro 2 está liberado?
Passageiro: 9 entra na fila!
Passageiro: 9 espera sua vez!
Passageiro: 9 vai tentar entrar no carro 2!
Passageiro: 9 entrou no carro 2!
Passageiro: 9 pergunta: desembarque do carro 2 está liberado?
Passageiro: 12 entra na fila!
Passageiro: 12 espera sua vez!
Passageiro: 12 vai tentar entrar no carro 2!
Passageiro: 10 entra na fila!
Passageiro: 12 entrou no carro 2!
Passageiro: 10 espera sua vez!
Passageiro: 12 pergunta: desembarque do carro 2 está liberado?
Passageiro: 10 vai tentar entrar no carro 2!
Passageiro: 10 entrou no carro 2!
Passageiro: 10 pergunta: desembarque do carro 2 está liberado?
Passageiro: 8 entra na fila!
Passageiro: 8 espera sua vez!
Passageiro: 8 vai tentar entrar no carro 2!
Passageiro: 7 entra na fila!
Passageiro: 8 entrou no carro 2!
Passageiro: 7 espera sua vez!
Passageiro: 8 pergunta: desembarque do carro 2 está liberado?
Passageiro: 7 vai tentar entrar no carro 2!
Passageiro: 7 entrou no carro 2!
Passageiro: 7 pergunta: desembarque do carro 2 está liberado?
Passageiro: 6 saiu do carro 1!
Passageiro: 4 saiu do carro 1!
Passageiro: 1 saiu do carro 1!
Passageiro: 5 saiu do carro 1!
Passageiro: 2 saiu do carro 1!
Passageiro: 3 saiu do carro 1!
Passageiro: 6 vai passear no parque por 1 segundos!
Passageiro: 4 vai passear no parque por 2 segundos!
Passageiro: 1 vai passear no parque por 3 segundos!
Passageiro: 5 vai passear no parque por 2 segundos!
Passageiro: 2 vai passear no parque por 5 segundos!
Passageiro: 3 vai passear no parque por 1 segundos!
Passageiro: 6 entra na fila!
Passageiro: 6 espera sua vez!
Passageiro: 3 entra na fila!
Passageiro: 6 vai tentar entrar no carro 1!
Passageiro: 3 espera sua vez!
Passageiro: 6 entrou no carro 1!
Passageiro: 6 pergunta: desembarque do carro 1 está liberado?
Passageiro: 3 vai tentar entrar no carro 1!
Passageiro: 3 entrou no carro 1!
Passageiro: 3 pergunta: desembarque do carro 1 está liberado?
Passageiro: 4 entra na fila!
Passageiro: 4 espera sua vez!
Passageiro: 5 entra na fila!
Passageiro: 5 espera sua vez!
Passageiro: 4 vai tentar entrar no carro 1!
Passageiro: 4 entrou no carro 1!
Passageiro: 4 pergunta: desembarque do carro 1 está liberado?
Passageiro: 5 vai tentar entrar no carro 1!
Passageiro: 5 entrou no carro 1!
Passageiro: 5 pergunta: desembarque do carro 1 está liberado?
Passageiro: 1 entra na fila!
Passageiro: 1 espera sua vez!
Passageiro: 1 vai tentar entrar no carro 1!
Passageiro: 1 entrou no carro 1!
Passageiro: 1 pergunta: desembarque do carro 1 está liberado?
Passageiro: 2 entra na fila!
Passageiro: 2 espera sua vez!
Passageiro: 2 vai tentar entrar no carro 1!
Passageiro: 2 entrou no carro 1!
Passageiro: 2 pergunta: desembarque do carro 1 está liberado?
Passageiro: 9 saiu do carro 2!
Passageiro: 10 saiu do carro 2!
Passageiro: 12 saiu do carro 2!
Passageiro: 11 saiu do carro 2!
Passageiro: 8 saiu do carro 2!
Passageiro: 7 saiu do carro 2!
Passageiro: 9 vai passear no parque por 5 segundos!
Passageiro: 10 vai passear no parque por 2 segundos!
Passageiro: 12 vai passear no parque por 3 segundos!
Passageiro: 11 vai passear no parque por 3 segundos!
Passageiro: 8 vai passear no parque por 4 segundos!
Passageiro: 7 vai passear no parque por 1 segundos!
Passageiro: 7 entra na fila!
Passageiro: 7 espera sua vez!
Passageiro: 7 vai tentar entrar no carro 2!
Passageiro: 7 entrou no carro 2!
Passageiro: 7 pergunta: desembarque do carro 2 está liberado?
Passageiro: 10 entra na fila!
Passageiro: 10 espera sua vez!
Passageiro: 10 vai tentar entrar no carro 2!
Passageiro: 10 entrou no carro 2!
Passageiro: 10 pergunta: desembarque do carro 2 está liberado?
Passageiro: 11 entra na fila!
Passageiro: 12 entra na fila!
Passageiro: 11 espera sua vez!
Passageiro: 12 espera sua vez!
Passageiro: 11 vai tentar entrar no carro 2!
Passageiro: 11 entrou no carro 2!
Passageiro: 11 pergunta: desembarque do carro 2 está liberado?
Passageiro: 12 vai tentar entrar no carro 2!
Passageiro: 12 entrou no carro 2!
Passageiro: 12 pergunta: desembarque do carro 2 está liberado?
Passageiro: 8 entra na fila!
Passageiro: 8 espera sua vez!
Passageiro: 8 vai tentar entrar no carro 2!
Passageiro: 8 entrou no carro 2!
Passageiro: 8 pergunta: desembarque do carro 2 está liberado?
