Fila passageiros: espera ter carro na plataforma!
Fila carros: é a vez do carro 1
Fila passageiros: espera o embarque do carro 1 para liberar passageiros!
Fila carros: espera o carro 1 iniciar seu passeio para liberar o proximo carro!
Fila passageiros: é a vez do passageiro 1!
Fila passageiros: espera passageiro 1 entrar no carro!
Fila passageiros: é a vez do passageiro 2!
Fila passageiros: espera passageiro 2 entrar no carro!
Fila passageiros: é a vez do passageiro 3!
Fila passageiros: espera passageiro 3 entrar no carro!
Fila passageiros: é a vez do passageiro 4!
Fila passageiros: espera passageiro 4 entrar no carro!
Fila passageiros: é a vez do passageiro 5!
Fila passageiros: espera passageiro 5 entrar no carro!
Fila passageiros: é a vez do passageiro 6!
Fila passageiros: espera passageiro 6 entrar no carro!
Fila carros: é a vez do carro 2
Fila passageiros: espera o embarque do carro 2 para liberar passageiros!
Fila carros: espera o carro 2 iniciar seu passeio para liberar o proximo carro!
Fila passageiros: é a vez do passageiro 7!
Fila passageiros: espera passageiro 7 entrar no carro!
Fila passageiros: é a vez do passageiro 8!
Fila passageiros: espera passageiro 8 entrar no carro!
Fila passageiros: é a vez do passageiro 9!
Fila passageiros: espera passageiro 9 entrar no carro!
Fila passageiros: é a vez do passageiro 10!
Fila passageiros: espera passageiro 10 entrar no carro!
Fila passageiros: é a vez do passageiro 11!
Fila passageiros: espera passageiro 11 entrar no carro!
Fila passageiros: é a vez do passageiro 12!
Fila passageiros: espera passageiro 12 entrar no carro!
Fila carros: é a vez do carro 1
Fila carros: espera o carro 1 iniciar seu passeio para liberar o proximo carro!
Fila passageiros: espera o embarque do carro 1 para liberar passageiros!
Fila passageiros: é a vez do passageiro 1!
Fila passageiros: é a vez do passageiro 3!
Fila passageiros: é a vez do passageiro 2!
Fila passageiros: é a vez do passageiro 4!
Fila passageiros: é a vez do passageiro 5!
Fila passageiros: é a vez do passageiro 6!
