Banheiro: é masculino agora
Banheiro: pessoa 4 (M) entrou no banheiro
Banheiro: tem 1 pessoa no banheiro
Banheiro: pessoa 2 (M) entrou no banheiro
Banheiro: tem 2 pessoa no banheiro
Banheiro: pessoa 5 (M) entrou no banheiro
Banheiro: tem 3 pessoa no banheiro
Banheiro: pessoa 4 (M) saiu do banheiro
Banheiro: tem 2 pessoa no banheiro
Banheiro: pessoa 5 (M) saiu do banheiro
Banheiro: tem 1 pessoa no banheiro
Banheiro: pessoa 1 (M) entrou no banheiro
Banheiro: tem 2 pessoa no banheiro
Banheiro: pessoa 2 (M) saiu do banheiro
Banheiro: tem 1 pessoa no banheiro
Banheiro: pessoa 3 (M) entrou no banheiro
Banheiro: tem 2 pessoa no banheiro
Banheiro: pessoa 1 (M) saiu do banheiro
Banheiro: tem 1 pessoa no banheiro
Banheiro: pessoa 3 (M) saiu do banheiro
Banheiro: tem 0 pessoa no banheiro
Banheiro: é unissex agora
Banheiro: é feminino agora
Banheiro: pessoa 9 (F) entrou no banheiro
Banheiro: pessoa 10 (F) entrou no banheiro
Banheiro: pessoa 6 (F) entrou no banheiro
Banheiro: tem 3 pessoa no banheiro
Banheiro: tem 3 pessoa no banheiro
Banheiro: tem 3 pessoa no banheiro
Banheiro: pessoa 9 (F) saiu do banheiro
Banheiro: tem 2 pessoa no banheiro
Banheiro: pessoa 8 (F) entrou no banheiro
Banheiro: tem 3 pessoa no banheiro
Banheiro: pessoa 6 (F) saiu do banheiro
Banheiro: pessoa 10 (F) saiu do banheiro
Banheiro: tem 1 pessoa no banheiro
Banheiro: tem 1 pessoa no banheiro
Banheiro: pessoa 7 (F) entrou no banheiro
Banheiro: tem 2 pessoa no banheiro
Banheiro: pessoa 8 (F) saiu do banheiro
Banheiro: tem 1 pessoa no banheiro
Banheiro: pessoa 7 (F) saiu do banheiro
Banheiro: tem 0 pessoa no banheiro
Banheiro: é unissex agora
Banheiro: é masculino agora
Banheiro: pessoa 5 (M) entrou no banheiro
Banheiro: tem 1 pessoa no banheiro
Banheiro: pessoa 5 (M) saiu do banheiro
Banheiro: tem 0 pessoa no banheiro
Banheiro: é unissex agora
Banheiro: é masculino agora
Banheiro: pessoa 4 (M) entrou no banheiro
Banheiro: tem 1 pessoa no banheiro
Banheiro: pessoa 1 (M) entrou no banheiro
Banheiro: tem 2 pessoa no banheiro
Banheiro: pessoa 2 (M) entrou no banheiro
Banheiro: tem 3 pessoa no banheiro
Banheiro: pessoa 4 (M) saiu do banheiro
Banheiro: tem 2 pessoa no banheiro
Banheiro: pessoa 1 (M) saiu do banheiro
Banheiro: tem 1 pessoa no banheiro
Banheiro: pessoa 2 (M) saiu do banheiro
Banheiro: tem 0 pessoa no banheiro
Banheiro: é unissex agora
Banheiro: é feminino agora
Banheiro: pessoa 6 (F) entrou no banheiro
Banheiro: tem 1 pessoa no banheiro
Banheiro: pessoa 10 (F) entrou no banheiro
Banheiro: pessoa 9 (F) entrou no banheiro
Banheiro: tem 3 pessoa no banheiro
Banheiro: tem 3 pessoa no banheiro
Banheiro: pessoa 6 (F) saiu do banheiro
Banheiro: tem 2 pessoa no banheiro
Banheiro: pessoa 9 (F) saiu do banheiro
Banheiro: tem 1 pessoa no banheiro
Banheiro: pessoa 8 (F) entrou no banheiro
Banheiro: tem 2 pessoa no banheiro
Banheiro: pessoa 7 (F) entrou no banheiro
Banheiro: tem 3 pessoa no banheiro
Banheiro: pessoa 10 (F) saiu do banheiro
Banheiro: tem 2 pessoa no banheiro
Banheiro: pessoa 8 (F) saiu do banheiro
Banheiro: tem 1 pessoa no banheiro
Banheiro: pessoa 7 (F) saiu do banheiro
Banheiro: tem 0 pessoa no banheiro
Banheiro: é unissex agora
Banheiro: é masculino agora
Banheiro: pessoa 3 (M) entrou no banheiro
Banheiro: tem 1 pessoa no banheiro
Banheiro: pessoa 3 (M) saiu do banheiro
Banheiro: tem 0 pessoa no banheiro
Banheiro: é unissex agora
Banheiro: é masculino agora
Banheiro: é masculino agora
Banheiro: pessoa 2 (M) entrou no banheiro
Banheiro: pessoa 4 (M) entrou no banheiro
Banheiro: tem 2 pessoa no banheiro
Banheiro: tem 2 pessoa no banheiro
Banheiro: pessoa 5 (M) entrou no banheiro
Banheiro: tem 3 pessoa no banheiro
Banheiro: pessoa 4 (M) saiu do banheiro
Banheiro: tem 2 pessoa no banheiro
Banheiro: pessoa 5 (M) saiu do banheiro
Banheiro: tem 1 pessoa no banheiro
Banheiro: pessoa 2 (M) saiu do banheiro
Banheiro: tem 0 pessoa no banheiro
Banheiro: é unissex agora
Banheiro: é feminino agora
Banheiro: pessoa 10 (F) entrou no banheiro
Banheiro: pessoa 9 (F) entrou no banheiro
Banheiro: tem 2 pessoa no banheiro
Banheiro: tem 2 pessoa no banheiro
Banheiro: pessoa 9 (F) saiu do banheiro
Banheiro: tem 1 pessoa no banheiro
Banheiro: pessoa 6 (F) entrou no banheiro
Banheiro: tem 2 pessoa no banheiro
Banheiro: pessoa 8 (F) entrou no banheiro
Banheiro: tem 3 pessoa no banheiro
Banheiro: pessoa 10 (F) saiu do banheiro
Banheiro: tem 2 pessoa no banheiro
Banheiro: pessoa 8 (F) saiu do banheiro
Banheiro: tem 1 pessoa no banheiro
Banheiro: pessoa 7 (F) entrou no banheiro
Banheiro: tem 2 pessoa no banheiro
Banheiro: pessoa 6 (F) saiu do banheiro
Banheiro: tem 1 pessoa no banheiro
Banheiro: pessoa 7 (F) saiu do banheiro
Banheiro: tem 0 pessoa no banheiro
Banheiro: é unissex agora
Banheiro: é masculino agora
Banheiro: pessoa 1 (M) entrou no banheiro
Banheiro: tem 1 pessoa no banheiro
Banheiro: pessoa 5 (M) entrou no banheiro
Banheiro: tem 2 pessoa no banheiro
Banheiro: pessoa 3 (M) entrou no banheiro
Banheiro: tem 3 pessoa no banheiro
Banheiro: pessoa 1 (M) saiu do banheiro
Banheiro: tem 2 pessoa no banheiro
Banheiro: pessoa 2 (M) entrou no banheiro
Banheiro: tem 3 pessoa no banheiro
Banheiro: pessoa 4 (M) entrou no banheiro
Banheiro: tem 3 pessoa no banheiro
Banheiro: pessoa 2 (M) saiu do banheiro
Banheiro: tem 3 pessoa no banheiro
Banheiro: pessoa 3 (M) saiu do banheiro
Banheiro: tem 2 pessoa no banheiro
Banheiro: pessoa 5 (M) saiu do banheiro
Banheiro: tem 1 pessoa no banheiro
Banheiro: pessoa 4 (M) saiu do banheiro
Banheiro: tem 0 pessoa no banheiro
Banheiro: é unissex agora
Banheiro: é feminino agora
Banheiro: pessoa 9 (F) entrou no banheiro
Banheiro: tem 1 pessoa no banheiro
Banheiro: pessoa 8 (F) entrou no banheiro
Banheiro: tem 2 pessoa no banheiro
Banheiro: pessoa 8 (F) saiu do banheiro
Banheiro: tem 1 pessoa no banheiro
Banheiro: pessoa 7 (F) entrou no banheiro
Banheiro: tem 2 pessoa no banheiro
Banheiro: pessoa 9 (F) saiu do banheiro
Banheiro: tem 1 pessoa no banheiro
Banheiro: pessoa 10 (F) entrou no banheiro
Banheiro: tem 2 pessoa no banheiro
Banheiro: pessoa 7 (F) saiu do banheiro
Banheiro: tem 1 pessoa no banheiro
Banheiro: pessoa 6 (F) entrou no banheiro
Banheiro: tem 2 pessoa no banheiro
Banheiro: pessoa 6 (F) saiu do banheiro
Banheiro: tem 1 pessoa no banheiro
Banheiro: pessoa 10 (F) saiu do banheiro
Banheiro: tem 0 pessoa no banheiro
Banheiro: é unissex agora
Banheiro: é masculino agora
Banheiro: pessoa 1 (M) entrou no banheiro
Banheiro: tem 1 pessoa no banheiro
Banheiro: pessoa 2 (M) entrou no banheiro
Banheiro: tem 2 pessoa no banheiro
