Pessoa: 1 (M) vai trabalhar por 15 segundos.
Pessoa: 2 (M) vai trabalhar por 13 segundos.
Pessoa: 3 (M) vai trabalhar por 17 segundos.
Pessoa: 4 (M) vai trabalhar por 11 segundos.
Pessoa: 5 (M) vai trabalhar por 13 segundos.
Pessoa: 6 (F) vai trabalhar por 11 segundos.
Pessoa: 7 (F) vai trabalhar por 18 segundos.
Pessoa: 8 (F) vai trabalhar por 17 segundos.
Pessoa: 9 (F) vai trabalhar por 15 segundos.
Pessoa: 10 (F) vai trabalhar por 11 segundos.
Pessoa: 4 (M) quer entrar no banheiro
Pessoa: 4 (M) vai ficar no banheiro por 2 segundos.
Pessoa: 6 (F) quer entrar no banheiro
Pessoa: 6 (F) vai esperar banheiro virar feminino
Pessoa: 10 (F) quer entrar no banheiro
Pessoa: 10 (F) vai esperar banheiro virar feminino
Pessoa: 2 (M) quer entrar no banheiro
Pessoa: 2 (M) vai ficar no banheiro por 4 segundos.
Pessoa: 5 (M) quer entrar no banheiro
Pessoa: 5 (M) vai ficar no banheiro por 1 segundos.
Pessoa: 4 (M) quer sair do banheiro
Pessoa: 4 (M) vai trabalhar por 16 segundos.
Pessoa: 5 (M) quer sair do banheiro
Pessoa: 5 (M) vai trabalhar por 10 segundos.
Pessoa: 1 (M) quer entrar no banheiro
Pessoa: 1 (M) vai ficar no banheiro por 4 segundos.
Pessoa: 9 (F) quer entrar no banheiro
Pessoa: 9 (F) vai esperar banheiro virar feminino
Pessoa: 2 (M) quer sair do banheiro
Pessoa: 3 (M) quer entrar no banheiro
Pessoa: 2 (M) vai trabalhar por 14 segundos.
Pessoa: 8 (F) quer entrar no banheiro
Pessoa: 8 (F) vai esperar banheiro virar feminino
Pessoa: 3 (M) vai ficar no banheiro por 2 segundos.
Pessoa: 7 (F) quer entrar no banheiro
Pessoa: 7 (F) vai esperar banheiro virar feminino
Pessoa: 1 (M) quer sair do banheiro
Pessoa: 1 (M) vai trabalhar por 12 segundos.
Pessoa: 3 (M) quer sair do banheiro
Pessoa: 3 (M) vai trabalhar por 19 segundos.
Pessoa: 7 (F) não entrou no banheiro! Banheiro cheio! Pessoa vai esperar 1 segundo e tentar novamente!
Pessoa: 8 (F) não entrou no banheiro! Banheiro cheio! Pessoa vai esperar 1 segundo e tentar novamente!
Pessoa: 9 (F) vai ficar no banheiro por 1 segundos.
Pessoa: 10 (F) vai ficar no banheiro por 2 segundos.
Pessoa: 6 (F) vai ficar no banheiro por 2 segundos.
Pessoa: 7 (F) quer entrar no banheiro
Pessoa: 8 (F) quer entrar no banheiro
Pessoa: 9 (F) quer sair do banheiro
Pessoa: 9 (F) vai trabalhar por 15 segundos.
Pessoa: 7 (F) não entrou no banheiro! Banheiro cheio! Pessoa vai esperar 1 segundo e tentar novamente!
Pessoa: 8 (F) vai ficar no banheiro por 3 segundos.
Pessoa: 6 (F) quer sair do banheiro
Pessoa: 10 (F) quer sair do banheiro
Pessoa: 6 (F) vai trabalhar por 13 segundos.
Pessoa: 10 (F) vai trabalhar por 14 segundos.
Pessoa: 7 (F) quer entrar no banheiro
Pessoa: 7 (F) vai ficar no banheiro por 2 segundos.
Pessoa: 8 (F) quer sair do banheiro
Pessoa: 8 (F) vai trabalhar por 15 segundos.
Pessoa: 7 (F) quer sair do banheiro
Pessoa: 7 (F) vai trabalhar por 15 segundos.
Pessoa: 5 (M) quer entrar no banheiro
Pessoa: 5 (M) vai ficar no banheiro por 3 segundos.
Pessoa: 5 (M) quer sair do banheiro
Pessoa: 5 (M) vai trabalhar por 18 segundos.
Pessoa: 4 (M) quer entrar no banheiro
Pessoa: 4 (M) vai ficar no banheiro por 3 segundos.
Pessoa: 1 (M) quer entrar no banheiro
Pessoa: 1 (M) vai ficar no banheiro por 2 segundos.
Pessoa: 2 (M) quer entrar no banheiro
Pessoa: 2 (M) vai ficar no banheiro por 3 segundos.
Pessoa: 4 (M) quer sair do banheiro
Pessoa: 4 (M) vai trabalhar por 12 segundos.
Pessoa: 1 (M) quer sair do banheiro
Pessoa: 1 (M) vai trabalhar por 19 segundos.
Pessoa: 2 (M) quer sair do banheiro
Pessoa: 2 (M) vai trabalhar por 10 segundos.
Pessoa: 6 (F) quer entrar no banheiro
Pessoa: 6 (F) vai ficar no banheiro por 2 segundos.
Pessoa: 10 (F) quer entrar no banheiro
Pessoa: 9 (F) quer entrar no banheiro
Pessoa: 10 (F) vai ficar no banheiro por 4 segundos.
Pessoa: 9 (F) vai ficar no banheiro por 2 segundos.
Pessoa: 6 (F) quer sair do banheiro
Pessoa: 6 (F) vai trabalhar por 15 segundos.
Pessoa: 9 (F) quer sair do banheiro
Pessoa: 9 (F) vai trabalhar por 12 segundos.
Pessoa: 3 (M) quer entrar no banheiro
Pessoa: 3 (M) vai esperar banheiro virar masculino
Pessoa: 8 (F) quer entrar no banheiro
Pessoa: 8 (F) vai ficar no banheiro por 2 segundos.
Pessoa: 7 (F) quer entrar no banheiro
Pessoa: 7 (F) vai ficar no banheiro por 3 segundos.
Pessoa: 10 (F) quer sair do banheiro
Pessoa: 10 (F) vai trabalhar por 10 segundos.
Pessoa: 8 (F) quer sair do banheiro
Pessoa: 8 (F) vai trabalhar por 13 segundos.
Pessoa: 7 (F) quer sair do banheiro
Pessoa: 7 (F) vai trabalhar por 15 segundos.
Pessoa: 3 (M) vai ficar no banheiro por 2 segundos.
Pessoa: 3 (M) quer sair do banheiro
Pessoa: 3 (M) vai trabalhar por 18 segundos.
Pessoa: 2 (M) quer entrar no banheiro
Pessoa: 4 (M) quer entrar no banheiro
Pessoa: 2 (M) vai ficar no banheiro por 5 segundos.
Pessoa: 4 (M) vai ficar no banheiro por 1 segundos.
Pessoa: 5 (M) quer entrar no banheiro
Pessoa: 5 (M) vai ficar no banheiro por 4 segundos.
Pessoa: 4 (M) quer sair do banheiro
Pessoa: 4 (M) vai trabalhar por 19 segundos.
Pessoa: 5 (M) quer sair do banheiro
Pessoa: 5 (M) vai trabalhar por 12 segundos.
Pessoa: 2 (M) quer sair do banheiro
Pessoa: 2 (M) vai trabalhar por 13 segundos.
Pessoa: 10 (F) quer entrar no banheiro
Pessoa: 9 (F) quer entrar no banheiro
Pessoa: 9 (F) vai ficar no banheiro por 1 segundos.
Pessoa: 10 (F) vai ficar no banheiro por 4 segundos.
Pessoa: 9 (F) quer sair do banheiro
Pessoa: 9 (F) vai trabalhar por 17 segundos.
Pessoa: 6 (F) quer entrar no banheiro
Pessoa: 6 (F) vai ficar no banheiro por 5 segundos.
Pessoa: 1 (M) quer entrar no banheiro
Pessoa: 1 (M) vai esperar banheiro virar masculino
Pessoa: 8 (F) quer entrar no banheiro
Pessoa: 8 (F) vai ficar no banheiro por 3 segundos.
Pessoa: 10 (F) quer sair do banheiro
Pessoa: 10 (F) vai trabalhar por 19 segundos.
Pessoa: 8 (F) quer sair do banheiro
Pessoa: 8 (F) vai trabalhar por 12 segundos.
Pessoa: 7 (F) quer entrar no banheiro
Pessoa: 7 (F) vai ficar no banheiro por 1 segundos.
Pessoa: 6 (F) quer sair do banheiro
Pessoa: 6 (F) vai trabalhar por 17 segundos.
Pessoa: 7 (F) quer sair do banheiro
Pessoa: 7 (F) vai trabalhar por 13 segundos.
Pessoa: 1 (M) vai ficar no banheiro por 4 segundos.
Pessoa: 5 (M) quer entrar no banheiro
Pessoa: 5 (M) vai ficar no banheiro por 5 segundos.
Pessoa: 3 (M) quer entrar no banheiro
Pessoa: 3 (M) vai ficar no banheiro por 3 segundos.
Pessoa: 1 (M) quer sair do banheiro
Pessoa: 1 (M) vai trabalhar por 14 segundos.
Pessoa: 2 (M) quer entrar no banheiro
Pessoa: 2 (M) vai ficar no banheiro por 2 segundos.
Pessoa: 4 (M) quer entrar no banheiro
Pessoa: 2 (M) quer sair do banheiro
Pessoa: 4 (M) vai ficar no banheiro por 3 segundos.
Pessoa: 2 (M) vai trabalhar por 12 segundos.
Pessoa: 3 (M) quer sair do banheiro
Pessoa: 3 (M) vai trabalhar por 16 segundos.
Pessoa: 5 (M) quer sair do banheiro
Pessoa: 5 (M) vai trabalhar por 16 segundos.
Pessoa: 9 (F) quer entrar no banheiro
Pessoa: 4 (M) quer sair do banheiro
Pessoa: 9 (F) vai esperar banheiro virar feminino
Pessoa: 4 (M) vai trabalhar por 19 segundos.
Pessoa: 9 (F) vai ficar no banheiro por 3 segundos.
Pessoa: 8 (F) quer entrar no banheiro
Pessoa: 8 (F) vai ficar no banheiro por 1 segundos.
Pessoa: 8 (F) quer sair do banheiro
Pessoa: 8 (F) vai trabalhar por 17 segundos.
Pessoa: 7 (F) quer entrar no banheiro
Pessoa: 7 (F) vai ficar no banheiro por 2 segundos.
Pessoa: 9 (F) quer sair do banheiro
Pessoa: 9 (F) vai trabalhar por 12 segundos.
Pessoa: 10 (F) quer entrar no banheiro
Pessoa: 10 (F) vai ficar no banheiro por 4 segundos.
Pessoa: 7 (F) quer sair do banheiro
Pessoa: 7 (F) vai trabalhar por 17 segundos.
Pessoa: 6 (F) quer entrar no banheiro
Pessoa: 6 (F) vai ficar no banheiro por 1 segundos.
Pessoa: 6 (F) quer sair do banheiro
Pessoa: 6 (F) vai trabalhar por 19 segundos.
Pessoa: 1 (M) quer entrar no banheiro
Pessoa: 1 (M) vai esperar banheiro virar masculino
Pessoa: 10 (F) quer sair do banheiro
Pessoa: 10 (F) vai trabalhar por 18 segundos.
Pessoa: 1 (M) vai ficar no banheiro por 2 segundos.
Pessoa: 2 (M) quer entrar no banheiro
Pessoa: 2 (M) vai ficar no banheiro por 2 segundos.
